2026-05-31 15:16:00 INFO  org.testng.internal.Utils - [TestNG] Running:
  C:\Users\car\AppData\Local\JetBrains\IdeaIC2025.1\temp-testng-customsuite.xml

2026-05-31 15:16:01 INFO  com.zproject.Intro - initiating api request
2026-05-31 15:16:46 INFO  org.testng.internal.Utils - [TestNG] Running:
  C:\Users\car\AppData\Local\JetBrains\IdeaIC2025.1\temp-testng-customsuite.xml

2026-05-31 15:16:47 INFO  com.zproject.Intro - post request
2026-05-31 16:46:42 INFO  org.testng.internal.Utils - [TestNG] Running:
  C:\Users\car\AppData\Local\JetBrains\IdeaIC2025.1\temp-testng-customsuite.xml

2026-05-31 16:46:42 INFO  com.zproject.Intro - post request
2026-05-31 16:47:17 INFO  org.testng.internal.Utils - [TestNG] Running:
  C:\Users\car\AppData\Local\JetBrains\IdeaIC2025.1\temp-testng-customsuite.xml

2026-05-31 16:47:58 INFO  org.testng.internal.Utils - [TestNG] Running:
  C:\Users\car\AppData\Local\JetBrains\IdeaIC2025.1\temp-testng-customsuite.xml

2026-05-31 18:11:06 INFO  org.testng.internal.Utils - [TestNG] Running:
  C:\Users\car\AppData\Local\JetBrains\IdeaIC2025.1\temp-testng-customsuite.xml

2026-05-31 18:11:07 INFO  com.zproject.Intro - post request
2026-05-31 18:12:10 INFO  org.testng.internal.Utils - [TestNG] Running:
  C:\Users\car\AppData\Local\JetBrains\IdeaIC2025.1\temp-testng-customsuite.xml

2026-05-31 18:12:11 INFO  com.zproject.Intro - post request
2026-05-31 18:16:10 INFO  org.testng.internal.Utils - [TestNG] Running:
  C:\Users\car\AppData\Local\JetBrains\IdeaIC2025.1\temp-testng-customsuite.xml

2026-05-31 18:16:11 INFO  com.zproject.Intro - post request
2026-05-31 18:16:42 INFO  org.testng.internal.Utils - [TestNG] Running:
  C:\Users\car\AppData\Local\JetBrains\IdeaIC2025.1\temp-testng-customsuite.xml

2026-05-31 18:16:42 INFO  com.zproject.Intro - post request
2026-05-31 18:17:20 INFO  org.testng.internal.Utils - [TestNG] Running:
  C:\Users\car\AppData\Local\JetBrains\IdeaIC2025.1\temp-testng-customsuite.xml

2026-05-31 18:17:20 INFO  com.zproject.Intro - post request
2026-05-31 18:24:34 INFO  org.testng.internal.Utils - [TestNG] Running:
  C:\Users\car\AppData\Local\JetBrains\IdeaIC2025.1\temp-testng-customsuite.xml

2026-05-31 18:24:35 INFO  com.zproject.Intro - post request / extracting place_id
2026-05-31 18:24:37 INFO  com.zproject.Intro - place_id extracted
2026-05-31 18:26:13 INFO  org.testng.internal.Utils - [TestNG] Running:
  C:\Users\car\AppData\Local\JetBrains\IdeaIC2025.1\temp-testng-customsuite.xml

2026-05-31 18:26:14 INFO  com.zproject.Intro - post request / extracting place_id
2026-05-31 18:26:16 INFO  com.zproject.Intro - place_id extracted
2026-05-31 18:28:38 INFO  org.testng.internal.Utils - [TestNG] Running:
  C:\Users\car\AppData\Local\JetBrains\IdeaIC2025.1\temp-testng-customsuite.xml

2026-05-31 18:28:38 INFO  com.zproject.Intro - post request / extracting place_id
2026-05-31 18:28:41 INFO  com.zproject.Intro - place_id extracted
2026-05-31 18:33:39 INFO  org.testng.internal.Utils - [TestNG] Running:
  C:\Users\car\AppData\Local\JetBrains\IdeaIC2025.1\temp-testng-customsuite.xml

2026-05-31 18:33:40 INFO  com.zproject.Intro - post request / extracting place_id
2026-05-31 18:33:43 INFO  com.zproject.Intro - place_id extracted
2026-05-31 18:46:37 INFO  org.testng.internal.Utils - [TestNG] Running:
  C:\Users\car\AppData\Local\JetBrains\IdeaIC2025.1\temp-testng-customsuite.xml

2026-05-31 18:46:37 INFO  com.zproject.Intro - post request / extracting place_id
2026-05-31 18:46:40 INFO  com.zproject.Intro - place_id extracted
2026-05-31 18:48:27 INFO  org.testng.internal.Utils - [TestNG] Running:
  C:\Users\car\AppData\Local\JetBrains\IdeaIC2025.1\temp-testng-customsuite.xml

2026-05-31 18:48:27 INFO  com.zproject.Intro - post request / extracting place_id
2026-05-31 18:48:30 INFO  com.zproject.Intro - place_id extracted
2026-05-31 18:49:14 INFO  org.testng.internal.Utils - [TestNG] Running:
  C:\Users\car\AppData\Local\JetBrains\IdeaIC2025.1\temp-testng-customsuite.xml

2026-05-31 18:49:15 INFO  com.zproject.Intro - post request / extracting place_id
2026-05-31 18:49:18 INFO  com.zproject.Intro - place_id extracted
2026-05-31 18:49:59 INFO  org.testng.internal.Utils - [TestNG] Running:
  C:\Users\car\AppData\Local\JetBrains\IdeaIC2025.1\temp-testng-customsuite.xml

2026-05-31 18:50:00 INFO  com.zproject.Intro - post request / extracting place_id
2026-05-31 18:50:03 INFO  com.zproject.Intro - place_id extracted
2026-05-31 18:59:29 INFO  org.testng.internal.Utils - [TestNG] Running:
  C:\Users\car\AppData\Local\JetBrains\IdeaIC2025.1\temp-testng-customsuite.xml

2026-05-31 18:59:30 INFO  com.zproject.Intro - post request / extracting place_id
2026-05-31 18:59:33 INFO  com.zproject.Intro - place_id extracted
2026-05-31 19:03:36 INFO  org.testng.internal.Utils - [TestNG] Running:
  C:\Users\car\AppData\Local\JetBrains\IdeaIC2025.1\temp-testng-customsuite.xml

2026-05-31 19:03:37 INFO  com.zproject.Intro - post request / extracting place_id
2026-05-31 19:04:35 INFO  org.testng.internal.Utils - [TestNG] Running:
  C:\Users\car\AppData\Local\JetBrains\IdeaIC2025.1\temp-testng-customsuite.xml

2026-05-31 19:04:36 INFO  com.zproject.Intro - post request / extracting place_id
2026-05-31 19:05:18 INFO  org.testng.internal.Utils - [TestNG] Running:
  C:\Users\car\AppData\Local\JetBrains\IdeaIC2025.1\temp-testng-customsuite.xml

2026-05-31 19:05:18 INFO  com.zproject.Intro - post request / extracting place_id
2026-05-31 19:05:22 INFO  com.zproject.Intro - place_id extracted
2026-05-31 20:40:47 INFO  org.testng.internal.Utils - [TestNG] Running:
  C:\Users\car\AppData\Local\JetBrains\IdeaIC2025.1\temp-testng-customsuite.xml

2026-05-31 20:40:48 INFO  com.zproject.Intro - post request / extracting place_id
2026-05-31 20:40:52 INFO  com.zproject.Intro - place_id extracted
2026-05-31 20:52:27 INFO  org.testng.internal.Utils - [TestNG] Running:
  C:\Users\car\AppData\Local\JetBrains\IdeaIC2025.1\temp-testng-customsuite.xml

2026-05-31 20:52:28 INFO  com.zproject.Intro - post request / extracting place_id
2026-05-31 20:52:31 INFO  com.zproject.Intro - place_id extracted
2026-05-31 20:54:53 INFO  org.testng.internal.Utils - [TestNG] Running:
  C:\Users\car\AppData\Local\JetBrains\IdeaIC2025.1\temp-testng-customsuite.xml

2026-05-31 20:54:54 INFO  com.zproject.Intro - post request / extracting place_id
2026-05-31 20:55:01 INFO  org.testng.internal.Utils - [TestNG] Running:
  C:\Users\car\AppData\Local\JetBrains\IdeaIC2025.1\temp-testng-customsuite.xml

2026-05-31 20:55:02 INFO  com.zproject.Intro - post request / extracting place_id
2026-05-31 20:55:05 INFO  com.zproject.Intro - place_id extracted
2026-05-31 20:56:12 INFO  org.testng.internal.Utils - [TestNG] Running:
  C:\Users\car\AppData\Local\JetBrains\IdeaIC2025.1\temp-testng-customsuite.xml

2026-05-31 20:56:12 INFO  com.zproject.Intro - post request / extracting place_id
2026-05-31 20:56:16 INFO  com.zproject.Intro - place_id extracted
2026-05-31 20:57:38 INFO  org.testng.internal.Utils - [TestNG] Running:
  C:\Users\car\AppData\Local\JetBrains\IdeaIC2025.1\temp-testng-customsuite.xml

2026-05-31 20:57:38 INFO  com.zproject.Intro - post request / extracting place_id
2026-05-31 20:57:42 INFO  com.zproject.Intro - place_id extracted
2026-05-31 21:01:05 INFO  org.testng.internal.Utils - [TestNG] Running:
  C:\Users\car\AppData\Local\JetBrains\IdeaIC2025.1\temp-testng-customsuite.xml

2026-05-31 21:01:06 INFO  com.zproject.Intro - post request / extracting place_id
2026-05-31 21:01:09 INFO  com.zproject.Intro - place_id extracted
2026-05-31 21:03:06 INFO  org.testng.internal.Utils - [TestNG] Running:
  C:\Users\car\AppData\Local\JetBrains\IdeaIC2025.1\temp-testng-customsuite.xml

2026-05-31 21:03:07 INFO  com.zproject.Intro - post request / extracting place_id
2026-05-31 21:03:09 INFO  com.zproject.Intro - place_id extracted
2026-05-31 21:03:46 INFO  org.testng.internal.Utils - [TestNG] Running:
  C:\Users\car\AppData\Local\JetBrains\IdeaIC2025.1\temp-testng-customsuite.xml

2026-05-31 21:03:46 INFO  com.zproject.Intro - post request / extracting place_id
2026-05-31 21:04:27 INFO  org.testng.internal.Utils - [TestNG] Running:
  C:\Users\car\AppData\Local\JetBrains\IdeaIC2025.1\temp-testng-customsuite.xml

2026-05-31 21:04:27 INFO  com.zproject.Intro - post request / extracting place_id
2026-05-31 21:04:30 INFO  com.zproject.Intro - place_id extracted
2026-05-31 21:07:28 INFO  org.testng.internal.Utils - [TestNG] Running:
  C:\Users\car\AppData\Local\JetBrains\IdeaIC2025.1\temp-testng-customsuite.xml

2026-05-31 21:07:28 INFO  com.zproject.Intro - post request / extracting place_id
2026-05-31 21:07:30 INFO  com.zproject.Intro - place_id extracted
2026-05-31 21:08:27 INFO  org.testng.internal.Utils - [TestNG] Running:
  C:\Users\car\AppData\Local\JetBrains\IdeaIC2025.1\temp-testng-customsuite.xml

2026-05-31 21:08:28 INFO  com.zproject.Intro - post request / extracting place_id
2026-05-31 21:08:30 INFO  com.zproject.Intro - place_id extracted
2026-05-31 21:18:24 INFO  org.testng.internal.Utils - [TestNG] Running:
  C:\Users\car\AppData\Local\JetBrains\IdeaIC2025.1\temp-testng-customsuite.xml

2026-05-31 21:18:25 INFO  com.zproject.Intro - post request / extracting place_id
2026-05-31 21:18:27 INFO  com.zproject.Intro - place_id extracted
2026-05-31 21:18:49 INFO  org.testng.internal.Utils - [TestNG] Running:
  C:\Users\car\AppData\Local\JetBrains\IdeaIC2025.1\temp-testng-customsuite.xml

2026-05-31 21:18:50 INFO  com.zproject.Intro - post request / extracting place_id
2026-05-31 21:18:52 INFO  com.zproject.Intro - place_id extracted
2026-05-31 21:47:10 INFO  org.testng.internal.Utils - [TestNG] Running:
  C:\Users\car\AppData\Local\JetBrains\IdeaIC2025.1\temp-testng-customsuite.xml

2026-05-31 21:47:26 INFO  org.testng.internal.Utils - [TestNG] Running:
  C:\Users\car\AppData\Local\JetBrains\IdeaIC2025.1\temp-testng-customsuite.xml

2026-05-31 21:51:34 INFO  org.testng.internal.Utils - [TestNG] Running:
  C:\Users\car\AppData\Local\JetBrains\IdeaIC2025.1\temp-testng-customsuite.xml

2026-05-31 21:52:38 INFO  org.testng.internal.Utils - [TestNG] Running:
  C:\Users\car\AppData\Local\JetBrains\IdeaIC2025.1\temp-testng-customsuite.xml

2026-05-31 21:54:52 INFO  org.testng.internal.Utils - [TestNG] Running:
  C:\Users\car\AppData\Local\JetBrains\IdeaIC2025.1\temp-testng-customsuite.xml

2026-05-31 21:57:42 INFO  org.testng.internal.Utils - [TestNG] Running:
  C:\Users\car\AppData\Local\JetBrains\IdeaIC2025.1\temp-testng-customsuite.xml

2026-05-31 22:00:43 INFO  org.testng.internal.Utils - [TestNG] Running:
  C:\Users\car\AppData\Local\JetBrains\IdeaIC2025.1\temp-testng-customsuite.xml

2026-05-31 22:01:12 INFO  org.testng.internal.Utils - [TestNG] Running:
  C:\Users\car\AppData\Local\JetBrains\IdeaIC2025.1\temp-testng-customsuite.xml

2026-05-31 22:02:02 INFO  org.testng.internal.Utils - [TestNG] Running:
  C:\Users\car\AppData\Local\JetBrains\IdeaIC2025.1\temp-testng-customsuite.xml

2026-05-31 22:02:40 INFO  org.testng.internal.Utils - [TestNG] Running:
  C:\Users\car\AppData\Local\JetBrains\IdeaIC2025.1\temp-testng-customsuite.xml

2026-06-01 15:21:55 INFO  org.testng.internal.Utils - [TestNG] Running:
  C:\Users\car\AppData\Local\JetBrains\IdeaIC2025.1\temp-testng-customsuite.xml

2026-06-01 15:23:59 INFO  org.testng.internal.Utils - [TestNG] Running:
  C:\Users\car\AppData\Local\JetBrains\IdeaIC2025.1\temp-testng-customsuite.xml

2026-06-01 15:24:43 INFO  org.testng.internal.Utils - [TestNG] Running:
  C:\Users\car\AppData\Local\JetBrains\IdeaIC2025.1\temp-testng-customsuite.xml

2026-06-01 15:25:16 INFO  org.testng.internal.Utils - [TestNG] Running:
  C:\Users\car\AppData\Local\JetBrains\IdeaIC2025.1\temp-testng-customsuite.xml

2026-06-01 15:37:40 INFO  org.testng.internal.Utils - [TestNG] Running:
  C:\Users\car\AppData\Local\JetBrains\IdeaIC2025.1\temp-testng-customsuite.xml

2026-06-01 15:38:10 INFO  org.testng.internal.Utils - [TestNG] Running:
  C:\Users\car\AppData\Local\JetBrains\IdeaIC2025.1\temp-testng-customsuite.xml

2026-06-01 15:41:40 INFO  org.testng.internal.Utils - [TestNG] Running:
  C:\Users\car\AppData\Local\JetBrains\IdeaIC2025.1\temp-testng-customsuite.xml

2026-06-01 15:42:22 INFO  org.testng.internal.Utils - [TestNG] Running:
  C:\Users\car\AppData\Local\JetBrains\IdeaIC2025.1\temp-testng-customsuite.xml

2026-06-01 15:56:14 INFO  org.testng.internal.Utils - [TestNG] Running:
  C:\Users\car\AppData\Local\JetBrains\IdeaIC2025.1\temp-testng-customsuite.xml

2026-06-01 15:56:51 INFO  org.testng.internal.Utils - [TestNG] Running:
  C:\Users\car\AppData\Local\JetBrains\IdeaIC2025.1\temp-testng-customsuite.xml

2026-06-01 15:59:56 INFO  org.testng.internal.Utils - [TestNG] Running:
  C:\Users\car\AppData\Local\JetBrains\IdeaIC2025.1\temp-testng-customsuite.xml

2026-06-01 16:00:26 INFO  org.testng.internal.Utils - [TestNG] Running:
  C:\Users\car\AppData\Local\JetBrains\IdeaIC2025.1\temp-testng-customsuite.xml

2026-06-01 16:00:53 INFO  org.testng.internal.Utils - [TestNG] Running:
  C:\Users\car\AppData\Local\JetBrains\IdeaIC2025.1\temp-testng-customsuite.xml

2026-06-01 16:02:06 INFO  org.testng.internal.Utils - [TestNG] Running:
  C:\Users\car\AppData\Local\JetBrains\IdeaIC2025.1\temp-testng-customsuite.xml

2026-06-01 16:11:39 INFO  org.testng.internal.Utils - [TestNG] Running:
  C:\Users\car\AppData\Local\JetBrains\IdeaIC2025.1\temp-testng-customsuite.xml

2026-06-01 16:11:58 INFO  org.testng.internal.Utils - [TestNG] Running:
  C:\Users\car\AppData\Local\JetBrains\IdeaIC2025.1\temp-testng-customsuite.xml

2026-06-01 16:16:33 INFO  org.testng.internal.Utils - [TestNG] Running:
  C:\Users\car\AppData\Local\JetBrains\IdeaIC2025.1\temp-testng-customsuite.xml

2026-06-01 16:16:56 INFO  org.testng.internal.Utils - [TestNG] Running:
  C:\Users\car\AppData\Local\JetBrains\IdeaIC2025.1\temp-testng-customsuite.xml

2026-06-01 20:33:54 INFO  org.testng.internal.Utils - [TestNG] Running:
  C:\Users\car\AppData\Local\JetBrains\IdeaIC2025.1\temp-testng-customsuite.xml

2026-06-01 20:33:54 INFO  com.zproject.Intro - post request / extracting place_id
2026-06-01 20:33:57 INFO  com.zproject.Intro - place_id extracted
2026-06-01 20:36:57 INFO  org.testng.internal.Utils - [TestNG] Running:
  C:\Users\car\AppData\Local\JetBrains\IdeaIC2025.1\temp-testng-customsuite.xml

2026-06-01 20:36:58 INFO  com.zproject.Intro - post request / extracting place_id
2026-06-01 20:38:45 INFO  org.testng.internal.Utils - [TestNG] Running:
  C:\Users\car\AppData\Local\JetBrains\IdeaIC2025.1\temp-testng-customsuite.xml

2026-06-01 20:39:25 INFO  org.testng.internal.Utils - [TestNG] Running:
  C:\Users\car\AppData\Local\JetBrains\IdeaIC2025.1\temp-testng-customsuite.xml

2026-06-01 20:39:47 INFO  org.testng.internal.Utils - [TestNG] Running:
  C:\Users\car\AppData\Local\JetBrains\IdeaIC2025.1\temp-testng-customsuite.xml

2026-06-01 20:42:25 INFO  org.testng.internal.Utils - [TestNG] Running:
  C:\Users\car\AppData\Local\JetBrains\IdeaIC2025.1\temp-testng-customsuite.xml

2026-06-01 20:50:18 INFO  org.testng.internal.Utils - [TestNG] Running:
  C:\Users\car\AppData\Local\JetBrains\IdeaIC2025.1\temp-testng-customsuite.xml

2026-06-01 20:50:19 INFO  com.zproject.Intro - post request / extracting place_id
2026-06-01 20:50:21 INFO  com.zproject.Intro - place_id extracted
2026-06-01 20:57:56 INFO  org.testng.internal.Utils - [TestNG] Running:
  C:\Users\car\AppData\Local\JetBrains\IdeaIC2025.1\temp-testng-customsuite.xml

2026-06-01 20:58:18 INFO  org.testng.internal.Utils - [TestNG] Running:
  C:\Users\car\AppData\Local\JetBrains\IdeaIC2025.1\temp-testng-customsuite.xml

2026-06-01 20:58:40 INFO  org.testng.internal.Utils - [TestNG] Running:
  C:\Users\car\AppData\Local\JetBrains\IdeaIC2025.1\temp-testng-customsuite.xml

2026-06-01 20:58:49 INFO  org.testng.internal.Utils - [TestNG] Running:
  C:\Users\car\AppData\Local\JetBrains\IdeaIC2025.1\temp-testng-customsuite.xml

2026-06-01 20:58:51 INFO  org.testng.internal.Utils - [TestNG] Running:
  C:\Users\car\AppData\Local\JetBrains\IdeaIC2025.1\temp-testng-customsuite.xml

2026-06-01 20:59:15 INFO  org.testng.internal.Utils - [TestNG] Running:
  C:\Users\car\AppData\Local\JetBrains\IdeaIC2025.1\temp-testng-customsuite.xml

2026-06-01 22:30:41 INFO  org.testng.internal.Utils - [TestNG] Running:
  C:\Users\car\AppData\Local\JetBrains\IdeaIC2025.1\temp-testng-customsuite.xml

2026-06-01 22:36:08 INFO  org.testng.internal.Utils - [TestNG] Running:
  C:\Users\car\AppData\Local\JetBrains\IdeaIC2025.1\temp-testng-customsuite.xml

2026-06-01 23:02:32 INFO  org.testng.internal.Utils - [TestNG] Running:
  C:\Users\car\AppData\Local\JetBrains\IdeaIC2025.1\temp-testng-customsuite.xml

2026-06-01 23:08:12 INFO  org.testng.internal.Utils - [TestNG] Running:
  C:\Users\car\AppData\Local\JetBrains\IdeaIC2025.1\temp-testng-customsuite.xml

2026-06-01 23:08:38 INFO  org.testng.internal.Utils - [TestNG] Running:
  C:\Users\car\AppData\Local\JetBrains\IdeaIC2025.1\temp-testng-customsuite.xml

2026-06-01 23:11:06 INFO  org.testng.internal.Utils - [TestNG] Running:
  C:\Users\car\AppData\Local\JetBrains\IdeaIC2025.1\temp-testng-customsuite.xml

2026-06-01 23:11:12 INFO  org.testng.internal.Utils - [Utils] MethodGroupsHelper.collectMethodsByGroup() took 1 ms.
2026-06-01 23:11:12 INFO  org.testng.internal.Utils - [Utils] MethodGroupsHelper.sortMethods() took 0 ms.
2026-06-01 23:11:12 INFO  org.testng.internal.Utils - [Utils] MethodGroupsHelper.collectMethodsByGroup() took 0 ms.
2026-06-01 23:11:12 INFO  org.testng.internal.Utils - [Utils] MethodGroupsHelper.sortMethods() took 0 ms.
2026-06-01 23:11:12 INFO  org.testng.internal.Utils - [Utils] MethodGroupsHelper.collectMethodsByGroup() took 0 ms.
2026-06-01 23:11:12 INFO  org.testng.internal.Utils - [Utils] MethodGroupsHelper.sortMethods() took 0 ms.
2026-06-01 23:11:12 INFO  org.testng.internal.Utils - [Utils] MethodGroupsHelper.collectMethodsByGroup() took 0 ms.
2026-06-01 23:11:12 INFO  org.testng.internal.Utils - [Utils] MethodGroupsHelper.sortMethods() took 0 ms.
2026-06-01 23:11:12 INFO  org.testng.internal.Utils - [Utils] MethodGroupsHelper.collectMethodsByGroup() took 0 ms.
2026-06-01 23:11:12 INFO  org.testng.internal.Utils - [Utils] MethodGroupsHelper.sortMethods() took 0 ms.
2026-06-01 23:11:12 INFO  org.testng.internal.Utils - [Utils] MethodGroupsHelper.collectMethodsByGroup() took 0 ms.
2026-06-01 23:11:12 INFO  org.testng.internal.Utils - [Utils] MethodGroupsHelper.sortMethods() took 0 ms.
2026-06-01 23:11:12 INFO  org.testng.internal.Utils - [Utils] MethodGroupsHelper.collectMethodsByGroup() took 0 ms.
2026-06-01 23:11:12 INFO  org.testng.internal.Utils - [Utils] MethodGroupsHelper.sortMethods() took 0 ms.
2026-06-01 23:11:12 INFO  org.testng.internal.Utils - [Utils] MethodGroupsHelper.collectMethodsByGroup() took 0 ms.
2026-06-01 23:11:12 INFO  org.testng.internal.Utils - [Utils] MethodGroupsHelper.sortMethods() took 0 ms.
2026-06-01 23:11:12 INFO  org.testng.internal.Utils - [Utils] MethodGroupsHelper.collectMethodsByGroup() took 0 ms.
2026-06-01 23:11:12 INFO  org.testng.internal.Utils - [Utils] MethodGroupsHelper.sortMethods() took 0 ms.
2026-06-01 23:11:12 INFO  org.testng.internal.Utils - [Utils] MethodGroupsHelper.collectMethodsByGroup() took 0 ms.
2026-06-01 23:11:12 INFO  org.testng.internal.Utils - [Utils] MethodGroupsHelper.sortMethods() took 0 ms.
2026-06-01 23:11:12 INFO  org.testng.internal.Utils - [Utils] MethodGroupsHelper.collectMethodsByGroup() took 0 ms.
2026-06-01 23:11:12 INFO  org.testng.internal.Utils - [Utils] MethodGroupsHelper.sortMethods() took 0 ms.
2026-06-01 23:11:12 INFO  org.testng.internal.Utils - [Utils] MethodGroupsHelper.collectMethodsByGroup() took 0 ms.
2026-06-01 23:11:12 INFO  org.testng.internal.Utils - [Utils] MethodGroupsHelper.sortMethods() took 0 ms.
2026-06-01 23:11:12 INFO  org.testng.internal.Utils - [Utils] MethodGroupsHelper.collectMethodsByGroup() took 4 ms.
2026-06-01 23:11:12 INFO  org.testng.internal.Utils - [Utils] MethodGroupsHelper.sortMethods() took 5 ms.
2026-06-01 23:11:12 INFO  org.testng.internal.Utils - [Utils] MethodGroupsHelper.collectMethodsByGroup() took 0 ms.
2026-06-01 23:11:12 INFO  org.testng.internal.Utils - [Utils] MethodGroupsHelper.sortMethods() took 0 ms.
2026-06-01 23:11:12 INFO  org.testng.internal.Utils - [Utils] MethodGroupsHelper.collectMethodsByGroup() took 0 ms.
2026-06-01 23:11:12 INFO  org.testng.internal.Utils - [Utils] MethodGroupsHelper.sortMethods() took 0 ms.
2026-06-01 23:11:12 INFO  org.testng.internal.Utils - [TestNG] Running:
  C:\work\QA\API_start\testng.xml

2026-06-01 23:11:12 INFO  org.testng.internal.Utils - [Utils] DynamicGraphHelper.createDynamicGraph() took 2 ms.
2026-06-01 23:11:12 INFO  org.testng.internal.Utils - [TestTaskExecutor] Starting executor test 2147483647 with time out: 2147483647 milliseconds.
2026-06-01 23:11:19 INFO  org.testng.internal.Utils - [TestNG] Time taken by org.testng.internal.ExitCodeListener@7803bfd: 0 ms
2026-06-01 23:39:54 INFO  org.testng.internal.Utils - [TestNG] Running:
  C:\Users\car\AppData\Local\JetBrains\IdeaIC2025.1\temp-testng-customsuite.xml

2026-06-01 23:40:33 INFO  org.testng.internal.Utils - [TestNG] Running:
  C:\Users\car\AppData\Local\JetBrains\IdeaIC2025.1\temp-testng-customsuite.xml

2026-06-02 14:40:52 INFO  org.testng.internal.Utils - [Utils] MethodGroupsHelper.collectMethodsByGroup() took 0 ms.
2026-06-02 14:40:52 INFO  org.testng.internal.Utils - [Utils] MethodGroupsHelper.sortMethods() took 1 ms.
2026-06-02 14:40:52 INFO  org.testng.internal.Utils - [Utils] MethodGroupsHelper.collectMethodsByGroup() took 0 ms.
2026-06-02 14:40:52 INFO  org.testng.internal.Utils - [Utils] MethodGroupsHelper.sortMethods() took 0 ms.
2026-06-02 14:40:52 INFO  org.testng.internal.Utils - [Utils] MethodGroupsHelper.collectMethodsByGroup() took 0 ms.
2026-06-02 14:40:52 INFO  org.testng.internal.Utils - [Utils] MethodGroupsHelper.sortMethods() took 0 ms.
2026-06-02 14:40:52 INFO  org.testng.internal.Utils - [Utils] MethodGroupsHelper.collectMethodsByGroup() took 0 ms.
2026-06-02 14:40:52 INFO  org.testng.internal.Utils - [Utils] MethodGroupsHelper.sortMethods() took 0 ms.
2026-06-02 14:40:52 INFO  org.testng.internal.Utils - [Utils] MethodGroupsHelper.collectMethodsByGroup() took 0 ms.
2026-06-02 14:40:52 INFO  org.testng.internal.Utils - [Utils] MethodGroupsHelper.sortMethods() took 0 ms.
2026-06-02 14:40:52 INFO  org.testng.internal.Utils - [Utils] MethodGroupsHelper.collectMethodsByGroup() took 0 ms.
2026-06-02 14:40:52 INFO  org.testng.internal.Utils - [Utils] MethodGroupsHelper.sortMethods() took 0 ms.
2026-06-02 14:40:52 INFO  org.testng.internal.Utils - [Utils] MethodGroupsHelper.collectMethodsByGroup() took 0 ms.
2026-06-02 14:40:52 INFO  org.testng.internal.Utils - [Utils] MethodGroupsHelper.sortMethods() took 0 ms.
2026-06-02 14:40:52 INFO  org.testng.internal.Utils - [Utils] MethodGroupsHelper.collectMethodsByGroup() took 0 ms.
2026-06-02 14:40:52 INFO  org.testng.internal.Utils - [Utils] MethodGroupsHelper.sortMethods() took 0 ms.
2026-06-02 14:40:52 INFO  org.testng.internal.Utils - [Utils] MethodGroupsHelper.collectMethodsByGroup() took 0 ms.
2026-06-02 14:40:52 INFO  org.testng.internal.Utils - [Utils] MethodGroupsHelper.sortMethods() took 0 ms.
2026-06-02 14:40:52 INFO  org.testng.internal.Utils - [Utils] MethodGroupsHelper.collectMethodsByGroup() took 0 ms.
2026-06-02 14:40:52 INFO  org.testng.internal.Utils - [Utils] MethodGroupsHelper.sortMethods() took 0 ms.
2026-06-02 14:40:52 INFO  org.testng.internal.Utils - [Utils] MethodGroupsHelper.collectMethodsByGroup() took 0 ms.
2026-06-02 14:40:52 INFO  org.testng.internal.Utils - [Utils] MethodGroupsHelper.sortMethods() took 0 ms.
2026-06-02 14:40:52 INFO  org.testng.internal.Utils - [Utils] MethodGroupsHelper.collectMethodsByGroup() took 0 ms.
2026-06-02 14:40:52 INFO  org.testng.internal.Utils - [Utils] MethodGroupsHelper.sortMethods() took 0 ms.
2026-06-02 14:40:52 INFO  org.testng.internal.Utils - [Utils] MethodGroupsHelper.collectMethodsByGroup() took 4 ms.
2026-06-02 14:40:52 INFO  org.testng.internal.Utils - [Utils] MethodGroupsHelper.sortMethods() took 5 ms.
2026-06-02 14:40:52 INFO  org.testng.internal.Utils - [Utils] MethodGroupsHelper.collectMethodsByGroup() took 0 ms.
2026-06-02 14:40:52 INFO  org.testng.internal.Utils - [Utils] MethodGroupsHelper.sortMethods() took 0 ms.
2026-06-02 14:40:52 INFO  org.testng.internal.Utils - [Utils] MethodGroupsHelper.collectMethodsByGroup() took 0 ms.
2026-06-02 14:40:52 INFO  org.testng.internal.Utils - [Utils] MethodGroupsHelper.sortMethods() took 0 ms.
2026-06-02 14:40:52 INFO  org.testng.internal.Utils - [TestNG] Running:
  C:\work\QA\API_start\testng.xml

2026-06-02 14:40:52 INFO  org.testng.internal.Utils - [Utils] DynamicGraphHelper.createDynamicGraph() took 3 ms.
2026-06-02 14:40:52 INFO  org.testng.internal.Utils - [TestTaskExecutor] Starting executor test 2147483647 with time out: 2147483647 milliseconds.
2026-06-02 14:40:52 ERROR org.testng.internal.Utils - [Error] java.sql.SQLException: No suitable driver found for jdbc:mysql://localhost:3306/jdbc
	at java.sql/java.sql.DriverManager.getConnection(DriverManager.java:708)
	at java.sql/java.sql.DriverManager.getConnection(DriverManager.java:230)
	at com.zproject.DynamicJson.sqlData(DynamicJson.java:45)
	at java.base/jdk.internal.reflect.DirectMethodHandleAccessor.invoke(DirectMethodHandleAccessor.java:103)
	at java.base/java.lang.reflect.Method.invoke(Method.java:580)
	at org.testng.internal.invokers.MethodInvocationHelper.invokeMethod(MethodInvocationHelper.java:141)
	at org.testng.internal.invokers.MethodInvocationHelper.invokeMethod(MethodInvocationHelper.java:86)
	at org.testng.internal.invokers.MethodInvocationHelper.invokeMethodNoCheckedException(MethodInvocationHelper.java:54)
	at org.testng.internal.invokers.MethodInvocationHelper.invokeDataProvider(MethodInvocationHelper.java:159)
	at org.testng.internal.Parameters.handleParameters(Parameters.java:809)
	at org.testng.internal.Parameters.handleParameters(Parameters.java:734)
	at org.testng.internal.invokers.ParameterHandler.handleParameters(ParameterHandler.java:72)
	at org.testng.internal.invokers.ParameterHandler.createParameters(ParameterHandler.java:51)
	at org.testng.internal.invokers.TestInvoker$MethodInvocationAgent.invoke(TestInvoker.java:959)
	at org.testng.internal.invokers.TestInvoker.invokeTestMethods(TestInvoker.java:203)
	at org.testng.internal.invokers.TestMethodWorker.invokeTestMethods(TestMethodWorker.java:154)
	at org.testng.internal.invokers.TestMethodWorker.run(TestMethodWorker.java:134)
	at java.base/java.util.concurrent.Executors$RunnableAdapter.call(Executors.java:572)
	at java.base/java.util.concurrent.FutureTask.run$$$capture(FutureTask.java:317)
	at java.base/java.util.concurrent.FutureTask.run(FutureTask.java)
	at --- Async.Stack.Trace --- (captured by IntelliJ IDEA debugger)
	at java.base/java.util.concurrent.FutureTask.&lt;init&gt;(FutureTask.java:151)
	at org.testng.internal.thread.graph.TestNGFutureTask.&lt;init&gt;(TestNGFutureTask.java:15)
	at org.testng.internal.thread.graph.GraphOrchestrator.runNodes(GraphOrchestrator.java:58)
	at org.testng.internal.thread.graph.GraphOrchestrator.run(GraphOrchestrator.java:46)
	at org.testng.TestTaskExecutor.execute(TestTaskExecutor.java:69)
	at org.testng.TestRunner.privateRun(TestRunner.java:725)
	at org.testng.TestRunner.run(TestRunner.java:616)
	at org.testng.SuiteRunner.runTest(SuiteRunner.java:421)
	at org.testng.SuiteRunner.runSequentially(SuiteRunner.java:413)
	at org.testng.SuiteRunner.privateRun(SuiteRunner.java:373)
	at org.testng.SuiteRunner.run(SuiteRunner.java:312)
	at org.testng.SuiteRunnerWorker.runSuite(SuiteRunnerWorker.java:52)
	at org.testng.SuiteRunnerWorker.run(SuiteRunnerWorker.java:95)
	at org.testng.TestNG.runSuitesSequentially(TestNG.java:1274)
	at org.testng.TestNG.runSuitesLocally(TestNG.java:1208)
	at org.testng.TestNG.runSuites(TestNG.java:1112)
	at org.testng.TestNG.run(TestNG.java:1079)
	at com.intellij.rt.testng.IDEARemoteTestNG.run(IDEARemoteTestNG.java:65)
	at com.intellij.rt.testng.RemoteTestNGStarter.main(RemoteTestNGStarter.java:105)

2026-06-02 14:40:52 INFO  org.testng.internal.Utils - [TestNG] Time taken by org.testng.internal.ExitCodeListener@16fdec90: 0 ms
2026-06-02 14:41:27 INFO  org.testng.internal.Utils - [TestNG] Running:
  C:\Users\car\AppData\Local\JetBrains\IdeaIC2025.1\temp-testng-customsuite.xml

2026-06-02 14:41:53 INFO  org.testng.internal.Utils - [Utils] MethodGroupsHelper.collectMethodsByGroup() took 1 ms.
2026-06-02 14:41:53 INFO  org.testng.internal.Utils - [Utils] MethodGroupsHelper.sortMethods() took 1 ms.
2026-06-02 14:41:53 INFO  org.testng.internal.Utils - [Utils] MethodGroupsHelper.collectMethodsByGroup() took 0 ms.
2026-06-02 14:41:53 INFO  org.testng.internal.Utils - [Utils] MethodGroupsHelper.sortMethods() took 0 ms.
2026-06-02 14:41:53 INFO  org.testng.internal.Utils - [Utils] MethodGroupsHelper.collectMethodsByGroup() took 0 ms.
2026-06-02 14:41:53 INFO  org.testng.internal.Utils - [Utils] MethodGroupsHelper.sortMethods() took 0 ms.
2026-06-02 14:41:53 INFO  org.testng.internal.Utils - [Utils] MethodGroupsHelper.collectMethodsByGroup() took 0 ms.
2026-06-02 14:41:53 INFO  org.testng.internal.Utils - [Utils] MethodGroupsHelper.sortMethods() took 0 ms.
2026-06-02 14:41:53 INFO  org.testng.internal.Utils - [Utils] MethodGroupsHelper.collectMethodsByGroup() took 0 ms.
2026-06-02 14:41:53 INFO  org.testng.internal.Utils - [Utils] MethodGroupsHelper.sortMethods() took 0 ms.
2026-06-02 14:41:53 INFO  org.testng.internal.Utils - [Utils] MethodGroupsHelper.collectMethodsByGroup() took 0 ms.
2026-06-02 14:41:53 INFO  org.testng.internal.Utils - [Utils] MethodGroupsHelper.sortMethods() took 0 ms.
2026-06-02 14:41:53 INFO  org.testng.internal.Utils - [Utils] MethodGroupsHelper.collectMethodsByGroup() took 0 ms.
2026-06-02 14:41:53 INFO  org.testng.internal.Utils - [Utils] MethodGroupsHelper.sortMethods() took 0 ms.
2026-06-02 14:41:53 INFO  org.testng.internal.Utils - [Utils] MethodGroupsHelper.collectMethodsByGroup() took 0 ms.
2026-06-02 14:41:53 INFO  org.testng.internal.Utils - [Utils] MethodGroupsHelper.sortMethods() took 0 ms.
2026-06-02 14:41:53 INFO  org.testng.internal.Utils - [Utils] MethodGroupsHelper.collectMethodsByGroup() took 0 ms.
2026-06-02 14:41:53 INFO  org.testng.internal.Utils - [Utils] MethodGroupsHelper.sortMethods() took 0 ms.
2026-06-02 14:41:53 INFO  org.testng.internal.Utils - [Utils] MethodGroupsHelper.collectMethodsByGroup() took 0 ms.
2026-06-02 14:41:53 INFO  org.testng.internal.Utils - [Utils] MethodGroupsHelper.sortMethods() took 0 ms.
2026-06-02 14:41:53 INFO  org.testng.internal.Utils - [Utils] MethodGroupsHelper.collectMethodsByGroup() took 0 ms.
2026-06-02 14:41:53 INFO  org.testng.internal.Utils - [Utils] MethodGroupsHelper.sortMethods() took 0 ms.
2026-06-02 14:41:53 INFO  org.testng.internal.Utils - [Utils] MethodGroupsHelper.collectMethodsByGroup() took 0 ms.
2026-06-02 14:41:53 INFO  org.testng.internal.Utils - [Utils] MethodGroupsHelper.sortMethods() took 0 ms.
2026-06-02 14:41:53 INFO  org.testng.internal.Utils - [Utils] MethodGroupsHelper.collectMethodsByGroup() took 5 ms.
2026-06-02 14:41:53 INFO  org.testng.internal.Utils - [Utils] MethodGroupsHelper.sortMethods() took 4 ms.
2026-06-02 14:41:53 INFO  org.testng.internal.Utils - [Utils] MethodGroupsHelper.collectMethodsByGroup() took 0 ms.
2026-06-02 14:41:53 INFO  org.testng.internal.Utils - [Utils] MethodGroupsHelper.sortMethods() took 0 ms.
2026-06-02 14:41:53 INFO  org.testng.internal.Utils - [Utils] MethodGroupsHelper.collectMethodsByGroup() took 0 ms.
2026-06-02 14:41:53 INFO  org.testng.internal.Utils - [Utils] MethodGroupsHelper.sortMethods() took 0 ms.
2026-06-02 14:41:53 INFO  org.testng.internal.Utils - [TestNG] Running:
  C:\work\QA\API_start\testng.xml

2026-06-02 14:41:53 INFO  org.testng.internal.Utils - [Utils] DynamicGraphHelper.createDynamicGraph() took 5 ms.
2026-06-02 14:41:53 INFO  org.testng.internal.Utils - [TestTaskExecutor] Starting executor test 2147483647 with time out: 2147483647 milliseconds.
2026-06-02 14:41:53 ERROR org.testng.internal.Utils - [Error] java.sql.SQLException: No suitable driver found for jdbc:mysql://localhost:3306/jdbc
	at java.sql/java.sql.DriverManager.getConnection(DriverManager.java:708)
	at java.sql/java.sql.DriverManager.getConnection(DriverManager.java:230)
	at com.zproject.DynamicJson.sqlData(DynamicJson.java:45)
	at java.base/jdk.internal.reflect.DirectMethodHandleAccessor.invoke(DirectMethodHandleAccessor.java:103)
	at java.base/java.lang.reflect.Method.invoke(Method.java:580)
	at org.testng.internal.invokers.MethodInvocationHelper.invokeMethod(MethodInvocationHelper.java:141)
	at org.testng.internal.invokers.MethodInvocationHelper.invokeMethod(MethodInvocationHelper.java:86)
	at org.testng.internal.invokers.MethodInvocationHelper.invokeMethodNoCheckedException(MethodInvocationHelper.java:54)
	at org.testng.internal.invokers.MethodInvocationHelper.invokeDataProvider(MethodInvocationHelper.java:159)
	at org.testng.internal.Parameters.handleParameters(Parameters.java:809)
	at org.testng.internal.Parameters.handleParameters(Parameters.java:734)
	at org.testng.internal.invokers.ParameterHandler.handleParameters(ParameterHandler.java:72)
	at org.testng.internal.invokers.ParameterHandler.createParameters(ParameterHandler.java:51)
	at org.testng.internal.invokers.TestInvoker$MethodInvocationAgent.invoke(TestInvoker.java:959)
	at org.testng.internal.invokers.TestInvoker.invokeTestMethods(TestInvoker.java:203)
	at org.testng.internal.invokers.TestMethodWorker.invokeTestMethods(TestMethodWorker.java:154)
	at org.testng.internal.invokers.TestMethodWorker.run(TestMethodWorker.java:134)
	at java.base/java.util.concurrent.Executors$RunnableAdapter.call(Executors.java:572)
	at java.base/java.util.concurrent.FutureTask.run$$$capture(FutureTask.java:317)
	at java.base/java.util.concurrent.FutureTask.run(FutureTask.java)
	at --- Async.Stack.Trace --- (captured by IntelliJ IDEA debugger)
	at java.base/java.util.concurrent.FutureTask.&lt;init&gt;(FutureTask.java:151)
	at org.testng.internal.thread.graph.TestNGFutureTask.&lt;init&gt;(TestNGFutureTask.java:15)
	at org.testng.internal.thread.graph.GraphOrchestrator.runNodes(GraphOrchestrator.java:58)
	at org.testng.internal.thread.graph.GraphOrchestrator.run(GraphOrchestrator.java:46)
	at org.testng.TestTaskExecutor.execute(TestTaskExecutor.java:69)
	at org.testng.TestRunner.privateRun(TestRunner.java:725)
	at org.testng.TestRunner.run(TestRunner.java:616)
	at org.testng.SuiteRunner.runTest(SuiteRunner.java:421)
	at org.testng.SuiteRunner.runSequentially(SuiteRunner.java:413)
	at org.testng.SuiteRunner.privateRun(SuiteRunner.java:373)
	at org.testng.SuiteRunner.run(SuiteRunner.java:312)
	at org.testng.SuiteRunnerWorker.runSuite(SuiteRunnerWorker.java:52)
	at org.testng.SuiteRunnerWorker.run(SuiteRunnerWorker.java:95)
	at org.testng.TestNG.runSuitesSequentially(TestNG.java:1274)
	at org.testng.TestNG.runSuitesLocally(TestNG.java:1208)
	at org.testng.TestNG.runSuites(TestNG.java:1112)
	at org.testng.TestNG.run(TestNG.java:1079)
	at com.intellij.rt.testng.IDEARemoteTestNG.run(IDEARemoteTestNG.java:65)
	at com.intellij.rt.testng.RemoteTestNGStarter.main(RemoteTestNGStarter.java:105)

2026-06-02 14:41:53 INFO  org.testng.internal.Utils - [TestNG] Time taken by org.testng.internal.ExitCodeListener@4b1d6571: 0 ms
2026-06-02 14:42:21 INFO  org.testng.internal.Utils - [Utils] MethodGroupsHelper.collectMethodsByGroup() took 0 ms.
2026-06-02 14:42:21 INFO  org.testng.internal.Utils - [Utils] MethodGroupsHelper.sortMethods() took 1 ms.
2026-06-02 14:42:21 INFO  org.testng.internal.Utils - [Utils] MethodGroupsHelper.collectMethodsByGroup() took 0 ms.
2026-06-02 14:42:21 INFO  org.testng.internal.Utils - [Utils] MethodGroupsHelper.sortMethods() took 0 ms.
2026-06-02 14:42:21 INFO  org.testng.internal.Utils - [Utils] MethodGroupsHelper.collectMethodsByGroup() took 0 ms.
2026-06-02 14:42:21 INFO  org.testng.internal.Utils - [Utils] MethodGroupsHelper.sortMethods() took 0 ms.
2026-06-02 14:42:21 INFO  org.testng.internal.Utils - [Utils] MethodGroupsHelper.collectMethodsByGroup() took 0 ms.
2026-06-02 14:42:21 INFO  org.testng.internal.Utils - [Utils] MethodGroupsHelper.sortMethods() took 0 ms.
2026-06-02 14:42:21 INFO  org.testng.internal.Utils - [Utils] MethodGroupsHelper.collectMethodsByGroup() took 0 ms.
2026-06-02 14:42:21 INFO  org.testng.internal.Utils - [Utils] MethodGroupsHelper.sortMethods() took 0 ms.
2026-06-02 14:42:21 INFO  org.testng.internal.Utils - [Utils] MethodGroupsHelper.collectMethodsByGroup() took 0 ms.
2026-06-02 14:42:21 INFO  org.testng.internal.Utils - [Utils] MethodGroupsHelper.sortMethods() took 0 ms.
2026-06-02 14:42:21 INFO  org.testng.internal.Utils - [Utils] MethodGroupsHelper.collectMethodsByGroup() took 0 ms.
2026-06-02 14:42:21 INFO  org.testng.internal.Utils - [Utils] MethodGroupsHelper.sortMethods() took 0 ms.
2026-06-02 14:42:21 INFO  org.testng.internal.Utils - [Utils] MethodGroupsHelper.collectMethodsByGroup() took 0 ms.
2026-06-02 14:42:21 INFO  org.testng.internal.Utils - [Utils] MethodGroupsHelper.sortMethods() took 0 ms.
2026-06-02 14:42:21 INFO  org.testng.internal.Utils - [Utils] MethodGroupsHelper.collectMethodsByGroup() took 0 ms.
2026-06-02 14:42:21 INFO  org.testng.internal.Utils - [Utils] MethodGroupsHelper.sortMethods() took 0 ms.
2026-06-02 14:42:21 INFO  org.testng.internal.Utils - [Utils] MethodGroupsHelper.collectMethodsByGroup() took 0 ms.
2026-06-02 14:42:21 INFO  org.testng.internal.Utils - [Utils] MethodGroupsHelper.sortMethods() took 0 ms.
2026-06-02 14:42:21 INFO  org.testng.internal.Utils - [Utils] MethodGroupsHelper.collectMethodsByGroup() took 0 ms.
2026-06-02 14:42:21 INFO  org.testng.internal.Utils - [Utils] MethodGroupsHelper.sortMethods() took 0 ms.
2026-06-02 14:42:21 INFO  org.testng.internal.Utils - [Utils] MethodGroupsHelper.collectMethodsByGroup() took 0 ms.
2026-06-02 14:42:21 INFO  org.testng.internal.Utils - [Utils] MethodGroupsHelper.sortMethods() took 0 ms.
2026-06-02 14:42:21 INFO  org.testng.internal.Utils - [Utils] MethodGroupsHelper.collectMethodsByGroup() took 4 ms.
2026-06-02 14:42:21 INFO  org.testng.internal.Utils - [Utils] MethodGroupsHelper.sortMethods() took 4 ms.
2026-06-02 14:42:21 INFO  org.testng.internal.Utils - [Utils] MethodGroupsHelper.collectMethodsByGroup() took 0 ms.
2026-06-02 14:42:21 INFO  org.testng.internal.Utils - [Utils] MethodGroupsHelper.sortMethods() took 0 ms.
2026-06-02 14:42:21 INFO  org.testng.internal.Utils - [Utils] MethodGroupsHelper.collectMethodsByGroup() took 0 ms.
2026-06-02 14:42:21 INFO  org.testng.internal.Utils - [Utils] MethodGroupsHelper.sortMethods() took 0 ms.
2026-06-02 14:42:21 INFO  org.testng.internal.Utils - [TestNG] Running:
  C:\work\QA\API_start\testng.xml

2026-06-02 14:42:21 INFO  org.testng.internal.Utils - [Utils] DynamicGraphHelper.createDynamicGraph() took 2 ms.
2026-06-02 14:42:22 INFO  org.testng.internal.Utils - [TestTaskExecutor] Starting executor test 2147483647 with time out: 2147483647 milliseconds.
2026-06-02 14:42:22 ERROR org.testng.internal.Utils - [Error] java.sql.SQLException: No suitable driver found for jdbc:mysql://localhost:3306/jdbc
	at java.sql/java.sql.DriverManager.getConnection(DriverManager.java:708)
	at java.sql/java.sql.DriverManager.getConnection(DriverManager.java:230)
	at com.zproject.DynamicJson.sqlData(DynamicJson.java:45)
	at java.base/jdk.internal.reflect.DirectMethodHandleAccessor.invoke(DirectMethodHandleAccessor.java:103)
	at java.base/java.lang.reflect.Method.invoke(Method.java:580)
	at org.testng.internal.invokers.MethodInvocationHelper.invokeMethod(MethodInvocationHelper.java:141)
	at org.testng.internal.invokers.MethodInvocationHelper.invokeMethod(MethodInvocationHelper.java:86)
	at org.testng.internal.invokers.MethodInvocationHelper.invokeMethodNoCheckedException(MethodInvocationHelper.java:54)
	at org.testng.internal.invokers.MethodInvocationHelper.invokeDataProvider(MethodInvocationHelper.java:159)
	at org.testng.internal.Parameters.handleParameters(Parameters.java:809)
	at org.testng.internal.Parameters.handleParameters(Parameters.java:734)
	at org.testng.internal.invokers.ParameterHandler.handleParameters(ParameterHandler.java:72)
	at org.testng.internal.invokers.ParameterHandler.createParameters(ParameterHandler.java:51)
	at org.testng.internal.invokers.TestInvoker$MethodInvocationAgent.invoke(TestInvoker.java:959)
	at org.testng.internal.invokers.TestInvoker.invokeTestMethods(TestInvoker.java:203)
	at org.testng.internal.invokers.TestMethodWorker.invokeTestMethods(TestMethodWorker.java:154)
	at org.testng.internal.invokers.TestMethodWorker.run(TestMethodWorker.java:134)
	at java.base/java.util.concurrent.Executors$RunnableAdapter.call(Executors.java:572)
	at java.base/java.util.concurrent.FutureTask.run$$$capture(FutureTask.java:317)
	at java.base/java.util.concurrent.FutureTask.run(FutureTask.java)
	at --- Async.Stack.Trace --- (captured by IntelliJ IDEA debugger)
	at java.base/java.util.concurrent.FutureTask.&lt;init&gt;(FutureTask.java:151)
	at org.testng.internal.thread.graph.TestNGFutureTask.&lt;init&gt;(TestNGFutureTask.java:15)
	at org.testng.internal.thread.graph.GraphOrchestrator.runNodes(GraphOrchestrator.java:58)
	at org.testng.internal.thread.graph.GraphOrchestrator.run(GraphOrchestrator.java:46)
	at org.testng.TestTaskExecutor.execute(TestTaskExecutor.java:69)
	at org.testng.TestRunner.privateRun(TestRunner.java:725)
	at org.testng.TestRunner.run(TestRunner.java:616)
	at org.testng.SuiteRunner.runTest(SuiteRunner.java:421)
	at org.testng.SuiteRunner.runSequentially(SuiteRunner.java:413)
	at org.testng.SuiteRunner.privateRun(SuiteRunner.java:373)
	at org.testng.SuiteRunner.run(SuiteRunner.java:312)
	at org.testng.SuiteRunnerWorker.runSuite(SuiteRunnerWorker.java:52)
	at org.testng.SuiteRunnerWorker.run(SuiteRunnerWorker.java:95)
	at org.testng.TestNG.runSuitesSequentially(TestNG.java:1274)
	at org.testng.TestNG.runSuitesLocally(TestNG.java:1208)
	at org.testng.TestNG.runSuites(TestNG.java:1112)
	at org.testng.TestNG.run(TestNG.java:1079)
	at com.intellij.rt.testng.IDEARemoteTestNG.run(IDEARemoteTestNG.java:65)
	at com.intellij.rt.testng.RemoteTestNGStarter.main(RemoteTestNGStarter.java:105)

2026-06-02 14:42:22 INFO  org.testng.internal.Utils - [TestNG] Time taken by org.testng.internal.ExitCodeListener@16414e40: 0 ms
2026-06-02 14:44:49 INFO  org.testng.internal.Utils - [Utils] MethodGroupsHelper.collectMethodsByGroup() took 0 ms.
2026-06-02 14:44:49 INFO  org.testng.internal.Utils - [Utils] MethodGroupsHelper.sortMethods() took 2 ms.
2026-06-02 14:44:49 INFO  org.testng.internal.Utils - [Utils] MethodGroupsHelper.collectMethodsByGroup() took 0 ms.
2026-06-02 14:44:49 INFO  org.testng.internal.Utils - [Utils] MethodGroupsHelper.sortMethods() took 0 ms.
2026-06-02 14:44:49 INFO  org.testng.internal.Utils - [Utils] MethodGroupsHelper.collectMethodsByGroup() took 0 ms.
2026-06-02 14:44:49 INFO  org.testng.internal.Utils - [Utils] MethodGroupsHelper.sortMethods() took 0 ms.
2026-06-02 14:44:49 INFO  org.testng.internal.Utils - [Utils] MethodGroupsHelper.collectMethodsByGroup() took 0 ms.
2026-06-02 14:44:49 INFO  org.testng.internal.Utils - [Utils] MethodGroupsHelper.sortMethods() took 0 ms.
2026-06-02 14:44:49 INFO  org.testng.internal.Utils - [Utils] MethodGroupsHelper.collectMethodsByGroup() took 0 ms.
2026-06-02 14:44:49 INFO  org.testng.internal.Utils - [Utils] MethodGroupsHelper.sortMethods() took 0 ms.
2026-06-02 14:44:49 INFO  org.testng.internal.Utils - [Utils] MethodGroupsHelper.collectMethodsByGroup() took 0 ms.
2026-06-02 14:44:49 INFO  org.testng.internal.Utils - [Utils] MethodGroupsHelper.sortMethods() took 0 ms.
2026-06-02 14:44:49 INFO  org.testng.internal.Utils - [Utils] MethodGroupsHelper.collectMethodsByGroup() took 0 ms.
2026-06-02 14:44:49 INFO  org.testng.internal.Utils - [Utils] MethodGroupsHelper.sortMethods() took 0 ms.
2026-06-02 14:44:49 INFO  org.testng.internal.Utils - [Utils] MethodGroupsHelper.collectMethodsByGroup() took 0 ms.
2026-06-02 14:44:49 INFO  org.testng.internal.Utils - [Utils] MethodGroupsHelper.sortMethods() took 0 ms.
2026-06-02 14:44:49 INFO  org.testng.internal.Utils - [Utils] MethodGroupsHelper.collectMethodsByGroup() took 0 ms.
2026-06-02 14:44:49 INFO  org.testng.internal.Utils - [Utils] MethodGroupsHelper.sortMethods() took 0 ms.
2026-06-02 14:44:49 INFO  org.testng.internal.Utils - [Utils] MethodGroupsHelper.collectMethodsByGroup() took 0 ms.
2026-06-02 14:44:49 INFO  org.testng.internal.Utils - [Utils] MethodGroupsHelper.sortMethods() took 0 ms.
2026-06-02 14:44:49 INFO  org.testng.internal.Utils - [Utils] MethodGroupsHelper.collectMethodsByGroup() took 0 ms.
2026-06-02 14:44:49 INFO  org.testng.internal.Utils - [Utils] MethodGroupsHelper.sortMethods() took 0 ms.
2026-06-02 14:44:49 INFO  org.testng.internal.Utils - [Utils] MethodGroupsHelper.collectMethodsByGroup() took 0 ms.
2026-06-02 14:44:49 INFO  org.testng.internal.Utils - [Utils] MethodGroupsHelper.sortMethods() took 0 ms.
2026-06-02 14:44:49 INFO  org.testng.internal.Utils - [Utils] MethodGroupsHelper.collectMethodsByGroup() took 5 ms.
2026-06-02 14:44:49 INFO  org.testng.internal.Utils - [Utils] MethodGroupsHelper.sortMethods() took 4 ms.
2026-06-02 14:44:49 INFO  org.testng.internal.Utils - [Utils] MethodGroupsHelper.collectMethodsByGroup() took 0 ms.
2026-06-02 14:44:49 INFO  org.testng.internal.Utils - [Utils] MethodGroupsHelper.sortMethods() took 0 ms.
2026-06-02 14:44:49 INFO  org.testng.internal.Utils - [Utils] MethodGroupsHelper.collectMethodsByGroup() took 0 ms.
2026-06-02 14:44:49 INFO  org.testng.internal.Utils - [Utils] MethodGroupsHelper.sortMethods() took 0 ms.
2026-06-02 14:44:49 INFO  org.testng.internal.Utils - [TestNG] Running:
  C:\work\QA\API_start\testng.xml

2026-06-02 14:44:49 INFO  org.testng.internal.Utils - [Utils] DynamicGraphHelper.createDynamicGraph() took 2 ms.
2026-06-02 14:44:49 INFO  org.testng.internal.Utils - [TestTaskExecutor] Starting executor test 2147483647 with time out: 2147483647 milliseconds.
2026-06-02 14:44:49 ERROR org.testng.internal.Utils - [Error] java.sql.SQLException: No suitable driver found for jdbc:mysql://localhost:3306/jdbc
	at java.sql/java.sql.DriverManager.getConnection(DriverManager.java:708)
	at java.sql/java.sql.DriverManager.getConnection(DriverManager.java:230)
	at com.zproject.DynamicJson.sqlData(DynamicJson.java:45)
	at java.base/jdk.internal.reflect.DirectMethodHandleAccessor.invoke(DirectMethodHandleAccessor.java:103)
	at java.base/java.lang.reflect.Method.invoke(Method.java:580)
	at org.testng.internal.invokers.MethodInvocationHelper.invokeMethod(MethodInvocationHelper.java:141)
	at org.testng.internal.invokers.MethodInvocationHelper.invokeMethod(MethodInvocationHelper.java:86)
	at org.testng.internal.invokers.MethodInvocationHelper.invokeMethodNoCheckedException(MethodInvocationHelper.java:54)
	at org.testng.internal.invokers.MethodInvocationHelper.invokeDataProvider(MethodInvocationHelper.java:159)
	at org.testng.internal.Parameters.handleParameters(Parameters.java:809)
	at org.testng.internal.Parameters.handleParameters(Parameters.java:734)
	at org.testng.internal.invokers.ParameterHandler.handleParameters(ParameterHandler.java:72)
	at org.testng.internal.invokers.ParameterHandler.createParameters(ParameterHandler.java:51)
	at org.testng.internal.invokers.TestInvoker$MethodInvocationAgent.invoke(TestInvoker.java:959)
	at org.testng.internal.invokers.TestInvoker.invokeTestMethods(TestInvoker.java:203)
	at org.testng.internal.invokers.TestMethodWorker.invokeTestMethods(TestMethodWorker.java:154)
	at org.testng.internal.invokers.TestMethodWorker.run(TestMethodWorker.java:134)
	at java.base/java.util.concurrent.Executors$RunnableAdapter.call(Executors.java:572)
	at java.base/java.util.concurrent.FutureTask.run$$$capture(FutureTask.java:317)
	at java.base/java.util.concurrent.FutureTask.run(FutureTask.java)
	at --- Async.Stack.Trace --- (captured by IntelliJ IDEA debugger)
	at java.base/java.util.concurrent.FutureTask.&lt;init&gt;(FutureTask.java:151)
	at org.testng.internal.thread.graph.TestNGFutureTask.&lt;init&gt;(TestNGFutureTask.java:15)
	at org.testng.internal.thread.graph.GraphOrchestrator.runNodes(GraphOrchestrator.java:58)
	at org.testng.internal.thread.graph.GraphOrchestrator.run(GraphOrchestrator.java:46)
	at org.testng.TestTaskExecutor.execute(TestTaskExecutor.java:69)
	at org.testng.TestRunner.privateRun(TestRunner.java:725)
	at org.testng.TestRunner.run(TestRunner.java:616)
	at org.testng.SuiteRunner.runTest(SuiteRunner.java:421)
	at org.testng.SuiteRunner.runSequentially(SuiteRunner.java:413)
	at org.testng.SuiteRunner.privateRun(SuiteRunner.java:373)
	at org.testng.SuiteRunner.run(SuiteRunner.java:312)
	at org.testng.SuiteRunnerWorker.runSuite(SuiteRunnerWorker.java:52)
	at org.testng.SuiteRunnerWorker.run(SuiteRunnerWorker.java:95)
	at org.testng.TestNG.runSuitesSequentially(TestNG.java:1274)
	at org.testng.TestNG.runSuitesLocally(TestNG.java:1208)
	at org.testng.TestNG.runSuites(TestNG.java:1112)
	at org.testng.TestNG.run(TestNG.java:1079)
	at com.intellij.rt.testng.IDEARemoteTestNG.run(IDEARemoteTestNG.java:65)
	at com.intellij.rt.testng.RemoteTestNGStarter.main(RemoteTestNGStarter.java:105)

2026-06-02 14:44:49 INFO  org.testng.internal.Utils - [TestNG] Time taken by org.testng.internal.ExitCodeListener@289710d9: 1 ms
2026-06-02 14:48:16 INFO  org.testng.internal.Utils - [TestNG] Running:
  C:\Users\car\AppData\Local\JetBrains\IdeaIC2025.1\temp-testng-customsuite.xml

2026-06-02 15:57:23 INFO  org.testng.internal.Utils - [TestNG] Running:
  C:\Users\car\AppData\Local\JetBrains\IdeaIC2025.1\temp-testng-customsuite.xml

2026-06-02 15:58:02 INFO  org.testng.internal.Utils - [TestNG] Running:
  C:\Users\car\AppData\Local\JetBrains\IdeaIC2025.1\temp-testng-customsuite.xml

2026-06-02 15:58:04 INFO  org.testng.internal.Utils - [TestNG] Running:
  C:\Users\car\AppData\Local\JetBrains\IdeaIC2025.1\temp-testng-customsuite.xml

2026-06-02 15:59:38 INFO  org.testng.internal.Utils - [TestNG] Running:
  C:\Users\car\AppData\Local\JetBrains\IdeaIC2025.1\temp-testng-customsuite.xml

2026-06-02 20:08:07 INFO  org.testng.internal.Utils - [TestNG] Running:
  C:\Users\car\AppData\Local\JetBrains\IdeaIC2025.1\temp-testng-customsuite.xml

2026-06-02 20:08:33 INFO  org.testng.internal.Utils - [TestNG] Running:
  C:\Users\car\AppData\Local\JetBrains\IdeaIC2025.1\temp-testng-customsuite.xml

2026-06-02 20:08:48 INFO  org.testng.internal.Utils - [TestNG] Running:
  C:\Users\car\AppData\Local\JetBrains\IdeaIC2025.1\temp-testng-customsuite.xml

2026-06-02 20:20:21 INFO  org.testng.internal.Utils - [TestNG] Running:
  C:\Users\car\AppData\Local\JetBrains\IdeaIC2025.1\temp-testng-customsuite.xml

2026-06-02 20:24:24 INFO  org.testng.internal.Utils - [TestNG] Running:
  C:\Users\car\AppData\Local\JetBrains\IdeaIC2025.1\temp-testng-customsuite.xml

2026-06-02 20:24:41 INFO  org.testng.internal.Utils - [TestNG] Running:
  C:\Users\car\AppData\Local\JetBrains\IdeaIC2025.1\temp-testng-customsuite.xml

2026-06-02 20:26:21 INFO  org.testng.internal.Utils - [TestNG] Running:
  C:\Users\car\AppData\Local\JetBrains\IdeaIC2025.1\temp-testng-customsuite.xml

2026-06-02 20:28:15 INFO  org.testng.internal.Utils - [TestNG] Running:
  C:\Users\car\AppData\Local\JetBrains\IdeaIC2025.1\temp-testng-customsuite.xml

2026-06-02 20:28:48 INFO  org.testng.internal.Utils - [TestNG] Running:
  C:\Users\car\AppData\Local\JetBrains\IdeaIC2025.1\temp-testng-customsuite.xml

2026-06-02 20:29:28 INFO  org.testng.internal.Utils - [TestNG] Running:
  C:\Users\car\AppData\Local\JetBrains\IdeaIC2025.1\temp-testng-customsuite.xml

2026-06-02 23:58:05 INFO  org.testng.internal.Utils - [TestNG] Running:
  C:\Users\car\AppData\Local\JetBrains\IdeaIC2025.1\temp-testng-customsuite.xml

2026-06-02 23:58:15 INFO  org.testng.internal.Utils - [TestNG] Running:
  C:\Users\car\AppData\Local\JetBrains\IdeaIC2025.1\temp-testng-customsuite.xml

2026-06-02 23:59:39 INFO  org.testng.internal.Utils - [TestNG] Running:
  C:\Users\car\AppData\Local\JetBrains\IdeaIC2025.1\temp-testng-customsuite.xml

2026-06-03 00:00:37 INFO  org.testng.internal.Utils - [TestNG] Running:
  C:\Users\car\AppData\Local\JetBrains\IdeaIC2025.1\temp-testng-customsuite.xml

2026-06-03 00:54:03 INFO  org.testng.internal.Utils - [Utils] MethodGroupsHelper.collectMethodsByGroup() took 0 ms.
2026-06-03 00:54:03 INFO  org.testng.internal.Utils - [Utils] MethodGroupsHelper.sortMethods() took 1 ms.
2026-06-03 00:54:03 INFO  org.testng.internal.Utils - [Utils] MethodGroupsHelper.collectMethodsByGroup() took 0 ms.
2026-06-03 00:54:03 INFO  org.testng.internal.Utils - [Utils] MethodGroupsHelper.sortMethods() took 0 ms.
2026-06-03 00:54:03 INFO  org.testng.internal.Utils - [Utils] MethodGroupsHelper.collectMethodsByGroup() took 0 ms.
2026-06-03 00:54:03 INFO  org.testng.internal.Utils - [Utils] MethodGroupsHelper.sortMethods() took 0 ms.
2026-06-03 00:54:03 INFO  org.testng.internal.Utils - [Utils] MethodGroupsHelper.collectMethodsByGroup() took 0 ms.
2026-06-03 00:54:03 INFO  org.testng.internal.Utils - [Utils] MethodGroupsHelper.sortMethods() took 0 ms.
2026-06-03 00:54:03 INFO  org.testng.internal.Utils - [Utils] MethodGroupsHelper.collectMethodsByGroup() took 0 ms.
2026-06-03 00:54:03 INFO  org.testng.internal.Utils - [Utils] MethodGroupsHelper.sortMethods() took 0 ms.
2026-06-03 00:54:03 INFO  org.testng.internal.Utils - [Utils] MethodGroupsHelper.collectMethodsByGroup() took 0 ms.
2026-06-03 00:54:03 INFO  org.testng.internal.Utils - [Utils] MethodGroupsHelper.sortMethods() took 0 ms.
2026-06-03 00:54:03 INFO  org.testng.internal.Utils - [Utils] MethodGroupsHelper.collectMethodsByGroup() took 0 ms.
2026-06-03 00:54:03 INFO  org.testng.internal.Utils - [Utils] MethodGroupsHelper.sortMethods() took 0 ms.
2026-06-03 00:54:03 INFO  org.testng.internal.Utils - [Utils] MethodGroupsHelper.collectMethodsByGroup() took 0 ms.
2026-06-03 00:54:03 INFO  org.testng.internal.Utils - [Utils] MethodGroupsHelper.sortMethods() took 0 ms.
2026-06-03 00:54:03 INFO  org.testng.internal.Utils - [Utils] MethodGroupsHelper.collectMethodsByGroup() took 0 ms.
2026-06-03 00:54:03 INFO  org.testng.internal.Utils - [Utils] MethodGroupsHelper.sortMethods() took 0 ms.
2026-06-03 00:54:03 INFO  org.testng.internal.Utils - [Utils] MethodGroupsHelper.collectMethodsByGroup() took 0 ms.
2026-06-03 00:54:03 INFO  org.testng.internal.Utils - [Utils] MethodGroupsHelper.sortMethods() took 0 ms.
2026-06-03 00:54:03 INFO  org.testng.internal.Utils - [Utils] MethodGroupsHelper.collectMethodsByGroup() took 0 ms.
2026-06-03 00:54:03 INFO  org.testng.internal.Utils - [Utils] MethodGroupsHelper.sortMethods() took 0 ms.
2026-06-03 00:54:03 INFO  org.testng.internal.Utils - [Utils] MethodGroupsHelper.collectMethodsByGroup() took 0 ms.
2026-06-03 00:54:03 INFO  org.testng.internal.Utils - [Utils] MethodGroupsHelper.sortMethods() took 0 ms.
2026-06-03 00:54:03 INFO  org.testng.internal.Utils - [Utils] MethodGroupsHelper.collectMethodsByGroup() took 2 ms.
2026-06-03 00:54:03 INFO  org.testng.internal.Utils - [Utils] MethodGroupsHelper.sortMethods() took 4 ms.
2026-06-03 00:54:03 INFO  org.testng.internal.Utils - [Utils] MethodGroupsHelper.collectMethodsByGroup() took 0 ms.
2026-06-03 00:54:03 INFO  org.testng.internal.Utils - [Utils] MethodGroupsHelper.sortMethods() took 0 ms.
2026-06-03 00:54:03 INFO  org.testng.internal.Utils - [Utils] MethodGroupsHelper.collectMethodsByGroup() took 0 ms.
2026-06-03 00:54:03 INFO  org.testng.internal.Utils - [Utils] MethodGroupsHelper.sortMethods() took 0 ms.
2026-06-03 00:54:03 INFO  org.testng.internal.Utils - [Utils] DynamicGraphHelper.createDynamicGraph() took 3 ms.
2026-06-03 00:54:03 INFO  org.testng.internal.Utils - [TestTaskExecutor] Starting executor test 2147483647 with time out: 2147483647 milliseconds.
2026-06-03 00:54:08 INFO  org.testng.internal.Utils - [TestNG] Time taken by org.testng.reporters.jq.Main@686449f9: 44 ms
2026-06-03 00:54:08 INFO  org.testng.internal.Utils - [TestNG] Time taken by org.testng.reporters.FailedReporter@68b6f0d6: 2 ms
2026-06-03 00:54:08 INFO  org.testng.internal.Utils - [TestNG] Time taken by org.testng.reporters.XMLReporter@25b2cfcb: 6 ms
2026-06-03 00:54:08 INFO  org.testng.internal.Utils - [TestNG] Time taken by org.testng.reporters.EmailableReporter2@4d18aa28: 5 ms
2026-06-03 00:54:08 INFO  org.testng.internal.Utils - [TestNG] Time taken by org.testng.reporters.JUnitReportReporter@6cfcd46d: 4 ms
2026-06-03 00:54:08 INFO  org.testng.internal.Utils - [TestNG] Time taken by org.testng.internal.ExitCodeListener@52045dbe: 0 ms
2026-06-03 00:56:14 INFO  org.testng.internal.Utils - [Utils] MethodGroupsHelper.collectMethodsByGroup() took 0 ms.
2026-06-03 00:56:14 INFO  org.testng.internal.Utils - [Utils] MethodGroupsHelper.sortMethods() took 1 ms.
2026-06-03 00:56:14 INFO  org.testng.internal.Utils - [Utils] MethodGroupsHelper.collectMethodsByGroup() took 0 ms.
2026-06-03 00:56:14 INFO  org.testng.internal.Utils - [Utils] MethodGroupsHelper.sortMethods() took 0 ms.
2026-06-03 00:56:14 INFO  org.testng.internal.Utils - [Utils] MethodGroupsHelper.collectMethodsByGroup() took 0 ms.
2026-06-03 00:56:14 INFO  org.testng.internal.Utils - [Utils] MethodGroupsHelper.sortMethods() took 0 ms.
2026-06-03 00:56:14 INFO  org.testng.internal.Utils - [Utils] MethodGroupsHelper.collectMethodsByGroup() took 0 ms.
2026-06-03 00:56:14 INFO  org.testng.internal.Utils - [Utils] MethodGroupsHelper.sortMethods() took 0 ms.
2026-06-03 00:56:14 INFO  org.testng.internal.Utils - [Utils] MethodGroupsHelper.collectMethodsByGroup() took 0 ms.
2026-06-03 00:56:14 INFO  org.testng.internal.Utils - [Utils] MethodGroupsHelper.sortMethods() took 0 ms.
2026-06-03 00:56:14 INFO  org.testng.internal.Utils - [Utils] MethodGroupsHelper.collectMethodsByGroup() took 0 ms.
2026-06-03 00:56:14 INFO  org.testng.internal.Utils - [Utils] MethodGroupsHelper.sortMethods() took 0 ms.
2026-06-03 00:56:14 INFO  org.testng.internal.Utils - [Utils] MethodGroupsHelper.collectMethodsByGroup() took 0 ms.
2026-06-03 00:56:14 INFO  org.testng.internal.Utils - [Utils] MethodGroupsHelper.sortMethods() took 0 ms.
2026-06-03 00:56:14 INFO  org.testng.internal.Utils - [Utils] MethodGroupsHelper.collectMethodsByGroup() took 0 ms.
2026-06-03 00:56:14 INFO  org.testng.internal.Utils - [Utils] MethodGroupsHelper.sortMethods() took 0 ms.
2026-06-03 00:56:14 INFO  org.testng.internal.Utils - [Utils] MethodGroupsHelper.collectMethodsByGroup() took 0 ms.
2026-06-03 00:56:14 INFO  org.testng.internal.Utils - [Utils] MethodGroupsHelper.sortMethods() took 0 ms.
2026-06-03 00:56:14 INFO  org.testng.internal.Utils - [Utils] MethodGroupsHelper.collectMethodsByGroup() took 0 ms.
2026-06-03 00:56:14 INFO  org.testng.internal.Utils - [Utils] MethodGroupsHelper.sortMethods() took 0 ms.
2026-06-03 00:56:14 INFO  org.testng.internal.Utils - [Utils] MethodGroupsHelper.collectMethodsByGroup() took 0 ms.
2026-06-03 00:56:14 INFO  org.testng.internal.Utils - [Utils] MethodGroupsHelper.sortMethods() took 0 ms.
2026-06-03 00:56:14 INFO  org.testng.internal.Utils - [Utils] MethodGroupsHelper.collectMethodsByGroup() took 0 ms.
2026-06-03 00:56:14 INFO  org.testng.internal.Utils - [Utils] MethodGroupsHelper.sortMethods() took 0 ms.
2026-06-03 00:56:14 INFO  org.testng.internal.Utils - [Utils] MethodGroupsHelper.collectMethodsByGroup() took 2 ms.
2026-06-03 00:56:14 INFO  org.testng.internal.Utils - [Utils] MethodGroupsHelper.sortMethods() took 3 ms.
2026-06-03 00:56:14 INFO  org.testng.internal.Utils - [Utils] MethodGroupsHelper.collectMethodsByGroup() took 0 ms.
2026-06-03 00:56:14 INFO  org.testng.internal.Utils - [Utils] MethodGroupsHelper.sortMethods() took 0 ms.
2026-06-03 00:56:14 INFO  org.testng.internal.Utils - [Utils] MethodGroupsHelper.collectMethodsByGroup() took 0 ms.
2026-06-03 00:56:14 INFO  org.testng.internal.Utils - [Utils] MethodGroupsHelper.sortMethods() took 0 ms.
2026-06-03 00:56:14 INFO  org.testng.internal.Utils - [Utils] DynamicGraphHelper.createDynamicGraph() took 2 ms.
2026-06-03 00:56:14 INFO  org.testng.internal.Utils - [TestTaskExecutor] Starting executor test 2147483647 with time out: 2147483647 milliseconds.
2026-06-03 00:56:19 INFO  org.testng.internal.Utils - [TestNG] Time taken by org.testng.reporters.jq.Main@686449f9: 44 ms
2026-06-03 00:56:19 INFO  org.testng.internal.Utils - [TestNG] Time taken by org.testng.reporters.FailedReporter@68b6f0d6: 2 ms
2026-06-03 00:56:19 INFO  org.testng.internal.Utils - [TestNG] Time taken by org.testng.reporters.XMLReporter@25b2cfcb: 10 ms
2026-06-03 00:56:19 INFO  org.testng.internal.Utils - [TestNG] Time taken by org.testng.reporters.EmailableReporter2@4d18aa28: 7 ms
2026-06-03 00:56:19 INFO  org.testng.internal.Utils - [TestNG] Time taken by org.testng.reporters.JUnitReportReporter@6cfcd46d: 4 ms
2026-06-03 00:56:19 INFO  org.testng.internal.Utils - [TestNG] Time taken by org.testng.internal.ExitCodeListener@52045dbe: 1 ms
2026-06-03 00:58:26 INFO  org.testng.internal.Utils - [Utils] MethodGroupsHelper.collectMethodsByGroup() took 0 ms.
2026-06-03 00:58:26 INFO  org.testng.internal.Utils - [Utils] MethodGroupsHelper.sortMethods() took 1 ms.
2026-06-03 00:58:26 INFO  org.testng.internal.Utils - [Utils] MethodGroupsHelper.collectMethodsByGroup() took 0 ms.
2026-06-03 00:58:26 INFO  org.testng.internal.Utils - [Utils] MethodGroupsHelper.sortMethods() took 0 ms.
2026-06-03 00:58:26 INFO  org.testng.internal.Utils - [Utils] MethodGroupsHelper.collectMethodsByGroup() took 0 ms.
2026-06-03 00:58:26 INFO  org.testng.internal.Utils - [Utils] MethodGroupsHelper.sortMethods() took 0 ms.
2026-06-03 00:58:26 INFO  org.testng.internal.Utils - [Utils] MethodGroupsHelper.collectMethodsByGroup() took 0 ms.
2026-06-03 00:58:26 INFO  org.testng.internal.Utils - [Utils] MethodGroupsHelper.sortMethods() took 0 ms.
2026-06-03 00:58:26 INFO  org.testng.internal.Utils - [Utils] MethodGroupsHelper.collectMethodsByGroup() took 0 ms.
2026-06-03 00:58:26 INFO  org.testng.internal.Utils - [Utils] MethodGroupsHelper.sortMethods() took 0 ms.
2026-06-03 00:58:26 INFO  org.testng.internal.Utils - [Utils] MethodGroupsHelper.collectMethodsByGroup() took 0 ms.
2026-06-03 00:58:26 INFO  org.testng.internal.Utils - [Utils] MethodGroupsHelper.sortMethods() took 0 ms.
2026-06-03 00:58:26 INFO  org.testng.internal.Utils - [Utils] MethodGroupsHelper.collectMethodsByGroup() took 0 ms.
2026-06-03 00:58:26 INFO  org.testng.internal.Utils - [Utils] MethodGroupsHelper.sortMethods() took 0 ms.
2026-06-03 00:58:26 INFO  org.testng.internal.Utils - [Utils] MethodGroupsHelper.collectMethodsByGroup() took 0 ms.
2026-06-03 00:58:26 INFO  org.testng.internal.Utils - [Utils] MethodGroupsHelper.sortMethods() took 0 ms.
2026-06-03 00:58:26 INFO  org.testng.internal.Utils - [Utils] MethodGroupsHelper.collectMethodsByGroup() took 0 ms.
2026-06-03 00:58:26 INFO  org.testng.internal.Utils - [Utils] MethodGroupsHelper.sortMethods() took 0 ms.
2026-06-03 00:58:26 INFO  org.testng.internal.Utils - [Utils] MethodGroupsHelper.collectMethodsByGroup() took 0 ms.
2026-06-03 00:58:26 INFO  org.testng.internal.Utils - [Utils] MethodGroupsHelper.sortMethods() took 0 ms.
2026-06-03 00:58:26 INFO  org.testng.internal.Utils - [Utils] MethodGroupsHelper.collectMethodsByGroup() took 0 ms.
2026-06-03 00:58:26 INFO  org.testng.internal.Utils - [Utils] MethodGroupsHelper.sortMethods() took 0 ms.
2026-06-03 00:58:26 INFO  org.testng.internal.Utils - [Utils] MethodGroupsHelper.collectMethodsByGroup() took 0 ms.
2026-06-03 00:58:26 INFO  org.testng.internal.Utils - [Utils] MethodGroupsHelper.sortMethods() took 0 ms.
2026-06-03 00:58:26 INFO  org.testng.internal.Utils - [Utils] MethodGroupsHelper.collectMethodsByGroup() took 3 ms.
2026-06-03 00:58:26 INFO  org.testng.internal.Utils - [Utils] MethodGroupsHelper.sortMethods() took 5 ms.
2026-06-03 00:58:26 INFO  org.testng.internal.Utils - [Utils] MethodGroupsHelper.collectMethodsByGroup() took 0 ms.
2026-06-03 00:58:26 INFO  org.testng.internal.Utils - [Utils] MethodGroupsHelper.sortMethods() took 0 ms.
2026-06-03 00:58:26 INFO  org.testng.internal.Utils - [Utils] MethodGroupsHelper.collectMethodsByGroup() took 0 ms.
2026-06-03 00:58:26 INFO  org.testng.internal.Utils - [Utils] MethodGroupsHelper.sortMethods() took 0 ms.
2026-06-03 00:58:26 INFO  org.testng.internal.Utils - [Utils] DynamicGraphHelper.createDynamicGraph() took 4 ms.
2026-06-03 00:58:26 INFO  org.testng.internal.Utils - [TestTaskExecutor] Starting executor test 2147483647 with time out: 2147483647 milliseconds.
2026-06-03 00:58:32 INFO  org.testng.internal.Utils - [TestNG] Time taken by org.testng.reporters.jq.Main@686449f9: 39 ms
2026-06-03 00:58:32 INFO  org.testng.internal.Utils - [TestNG] Time taken by org.testng.reporters.FailedReporter@68b6f0d6: 1 ms
2026-06-03 00:58:32 INFO  org.testng.internal.Utils - [TestNG] Time taken by org.testng.reporters.XMLReporter@25b2cfcb: 8 ms
2026-06-03 00:58:32 INFO  org.testng.internal.Utils - [TestNG] Time taken by org.testng.reporters.EmailableReporter2@4d18aa28: 4 ms
2026-06-03 00:58:32 INFO  org.testng.internal.Utils - [TestNG] Time taken by org.testng.reporters.JUnitReportReporter@6cfcd46d: 5 ms
2026-06-03 00:58:32 INFO  org.testng.internal.Utils - [TestNG] Time taken by org.testng.internal.ExitCodeListener@52045dbe: 0 ms
2026-06-03 01:00:58 INFO  org.testng.internal.Utils - [TestNG] Running:
  C:\Users\car\AppData\Local\JetBrains\IdeaIC2025.1\temp-testng-customsuite.xml

2026-06-04 19:54:02 INFO  org.testng.internal.Utils - [TestNG] Running:
  C:\Users\car\AppData\Local\JetBrains\IdeaIC2025.1\temp-testng-customsuite.xml

2026-06-04 19:56:07 INFO  org.testng.internal.Utils - [TestNG] Running:
  C:\Users\car\AppData\Local\JetBrains\IdeaIC2025.1\temp-testng-customsuite.xml

2026-06-04 19:59:49 INFO  org.testng.internal.Utils - [TestNG] Running:
  C:\Users\car\AppData\Local\JetBrains\IdeaIC2025.1\temp-testng-customsuite.xml

2026-06-04 20:05:42 INFO  org.testng.internal.Utils - [TestNG] Running:
  C:\Users\car\AppData\Local\JetBrains\IdeaIC2025.1\temp-testng-customsuite.xml

2026-06-04 20:07:01 INFO  org.testng.internal.Utils - [TestNG] Running:
  C:\Users\car\AppData\Local\JetBrains\IdeaIC2025.1\temp-testng-customsuite.xml

2026-06-04 20:07:50 INFO  org.testng.internal.Utils - [TestNG] Running:
  C:\Users\car\AppData\Local\JetBrains\IdeaIC2025.1\temp-testng-customsuite.xml

2026-06-04 20:10:19 INFO  org.testng.internal.Utils - [TestNG] Running:
  C:\Users\car\AppData\Local\JetBrains\IdeaIC2025.1\temp-testng-customsuite.xml

2026-06-04 20:11:14 INFO  org.testng.internal.Utils - [TestNG] Running:
  C:\Users\car\AppData\Local\JetBrains\IdeaIC2025.1\temp-testng-customsuite.xml

2026-06-04 20:13:23 INFO  org.testng.internal.Utils - [TestNG] Running:
  C:\Users\car\AppData\Local\JetBrains\IdeaIC2025.1\temp-testng-customsuite.xml

2026-06-04 20:36:33 INFO  org.testng.internal.Utils - [TestNG] Running:
  C:\Users\car\AppData\Local\JetBrains\IdeaIC2025.1\temp-testng-customsuite.xml

2026-06-04 20:38:42 INFO  org.testng.internal.Utils - [TestNG] Running:
  C:\Users\car\AppData\Local\JetBrains\IdeaIC2025.1\temp-testng-customsuite.xml

2026-06-04 20:40:49 INFO  org.testng.internal.Utils - [TestNG] Running:
  C:\Users\car\AppData\Local\JetBrains\IdeaIC2025.1\temp-testng-customsuite.xml

2026-06-04 20:42:21 INFO  org.testng.internal.Utils - [TestNG] Running:
  C:\Users\car\AppData\Local\JetBrains\IdeaIC2025.1\temp-testng-customsuite.xml

2026-06-04 20:48:50 INFO  org.testng.internal.Utils - [TestNG] Running:
  C:\Users\car\AppData\Local\JetBrains\IdeaIC2025.1\temp-testng-customsuite.xml

2026-06-04 20:55:41 INFO  org.testng.internal.Utils - [TestNG] Running:
  C:\Users\car\AppData\Local\JetBrains\IdeaIC2025.1\temp-testng-customsuite.xml

2026-06-04 20:56:07 INFO  org.testng.internal.Utils - [TestNG] Running:
  C:\Users\car\AppData\Local\JetBrains\IdeaIC2025.1\temp-testng-customsuite.xml

2026-06-04 21:01:02 INFO  org.testng.internal.Utils - [Utils] MethodGroupsHelper.collectMethodsByGroup() took 0 ms.
2026-06-04 21:01:02 INFO  org.testng.internal.Utils - [Utils] MethodGroupsHelper.sortMethods() took 1 ms.
2026-06-04 21:01:02 INFO  org.testng.internal.Utils - [Utils] MethodGroupsHelper.collectMethodsByGroup() took 0 ms.
2026-06-04 21:01:02 INFO  org.testng.internal.Utils - [Utils] MethodGroupsHelper.sortMethods() took 0 ms.
2026-06-04 21:01:02 INFO  org.testng.internal.Utils - [Utils] MethodGroupsHelper.collectMethodsByGroup() took 0 ms.
2026-06-04 21:01:02 INFO  org.testng.internal.Utils - [Utils] MethodGroupsHelper.sortMethods() took 0 ms.
2026-06-04 21:01:02 INFO  org.testng.internal.Utils - [Utils] MethodGroupsHelper.collectMethodsByGroup() took 0 ms.
2026-06-04 21:01:02 INFO  org.testng.internal.Utils - [Utils] MethodGroupsHelper.sortMethods() took 0 ms.
2026-06-04 21:01:02 INFO  org.testng.internal.Utils - [Utils] MethodGroupsHelper.collectMethodsByGroup() took 0 ms.
2026-06-04 21:01:02 INFO  org.testng.internal.Utils - [Utils] MethodGroupsHelper.sortMethods() took 0 ms.
2026-06-04 21:01:02 INFO  org.testng.internal.Utils - [Utils] MethodGroupsHelper.collectMethodsByGroup() took 0 ms.
2026-06-04 21:01:02 INFO  org.testng.internal.Utils - [Utils] MethodGroupsHelper.sortMethods() took 0 ms.
2026-06-04 21:01:02 INFO  org.testng.internal.Utils - [Utils] MethodGroupsHelper.collectMethodsByGroup() took 0 ms.
2026-06-04 21:01:02 INFO  org.testng.internal.Utils - [Utils] MethodGroupsHelper.sortMethods() took 0 ms.
2026-06-04 21:01:02 INFO  org.testng.internal.Utils - [Utils] MethodGroupsHelper.collectMethodsByGroup() took 0 ms.
2026-06-04 21:01:02 INFO  org.testng.internal.Utils - [Utils] MethodGroupsHelper.sortMethods() took 0 ms.
2026-06-04 21:01:02 INFO  org.testng.internal.Utils - [Utils] MethodGroupsHelper.collectMethodsByGroup() took 0 ms.
2026-06-04 21:01:02 INFO  org.testng.internal.Utils - [Utils] MethodGroupsHelper.sortMethods() took 0 ms.
2026-06-04 21:01:02 INFO  org.testng.internal.Utils - [Utils] MethodGroupsHelper.collectMethodsByGroup() took 0 ms.
2026-06-04 21:01:02 INFO  org.testng.internal.Utils - [Utils] MethodGroupsHelper.sortMethods() took 0 ms.
2026-06-04 21:01:02 INFO  org.testng.internal.Utils - [Utils] MethodGroupsHelper.collectMethodsByGroup() took 0 ms.
2026-06-04 21:01:02 INFO  org.testng.internal.Utils - [Utils] MethodGroupsHelper.sortMethods() took 0 ms.
2026-06-04 21:01:02 INFO  org.testng.internal.Utils - [Utils] MethodGroupsHelper.collectMethodsByGroup() took 0 ms.
2026-06-04 21:01:02 INFO  org.testng.internal.Utils - [Utils] MethodGroupsHelper.sortMethods() took 0 ms.
2026-06-04 21:01:02 INFO  org.testng.internal.Utils - [Utils] MethodGroupsHelper.collectMethodsByGroup() took 2 ms.
2026-06-04 21:01:03 INFO  org.testng.internal.Utils - [Utils] MethodGroupsHelper.sortMethods() took 5 ms.
2026-06-04 21:01:03 INFO  org.testng.internal.Utils - [Utils] MethodGroupsHelper.collectMethodsByGroup() took 0 ms.
2026-06-04 21:01:03 INFO  org.testng.internal.Utils - [Utils] MethodGroupsHelper.sortMethods() took 0 ms.
2026-06-04 21:01:03 INFO  org.testng.internal.Utils - [Utils] MethodGroupsHelper.collectMethodsByGroup() took 0 ms.
2026-06-04 21:01:03 INFO  org.testng.internal.Utils - [Utils] MethodGroupsHelper.sortMethods() took 0 ms.
2026-06-04 21:01:03 INFO  org.testng.internal.Utils - [Utils] DynamicGraphHelper.createDynamicGraph() took 3 ms.
2026-06-04 21:01:03 INFO  org.testng.internal.Utils - [TestTaskExecutor] Starting executor test 2147483647 with time out: 2147483647 milliseconds.
2026-06-04 21:01:06 INFO  org.testng.internal.Utils - [TestNG] Time taken by org.testng.reporters.jq.Main@78fb9a67: 38 ms
2026-06-04 21:01:06 INFO  org.testng.internal.Utils - [TestNG] Time taken by org.testng.reporters.FailedReporter@21aa6d6c: 1 ms
2026-06-04 21:01:06 INFO  org.testng.internal.Utils - [TestNG] Time taken by org.testng.reporters.XMLReporter@15c25153: 8 ms
2026-06-04 21:01:06 INFO  org.testng.internal.Utils - [TestNG] Time taken by org.testng.reporters.EmailableReporter2@47dbb1e2: 7 ms
2026-06-04 21:01:06 INFO  org.testng.internal.Utils - [TestNG] Time taken by org.testng.reporters.JUnitReportReporter@773f7880: 5 ms
2026-06-04 21:01:06 INFO  org.testng.internal.Utils - [TestNG] Time taken by org.testng.internal.ExitCodeListener@878452d: 0 ms
2026-06-04 21:03:22 INFO  org.testng.internal.Utils - [Utils] MethodGroupsHelper.collectMethodsByGroup() took 1 ms.
2026-06-04 21:03:22 INFO  org.testng.internal.Utils - [Utils] MethodGroupsHelper.sortMethods() took 1 ms.
2026-06-04 21:03:22 INFO  org.testng.internal.Utils - [Utils] MethodGroupsHelper.collectMethodsByGroup() took 0 ms.
2026-06-04 21:03:22 INFO  org.testng.internal.Utils - [Utils] MethodGroupsHelper.sortMethods() took 0 ms.
2026-06-04 21:03:22 INFO  org.testng.internal.Utils - [Utils] MethodGroupsHelper.collectMethodsByGroup() took 0 ms.
2026-06-04 21:03:22 INFO  org.testng.internal.Utils - [Utils] MethodGroupsHelper.sortMethods() took 0 ms.
2026-06-04 21:03:22 INFO  org.testng.internal.Utils - [Utils] MethodGroupsHelper.collectMethodsByGroup() took 0 ms.
2026-06-04 21:03:22 INFO  org.testng.internal.Utils - [Utils] MethodGroupsHelper.sortMethods() took 0 ms.
2026-06-04 21:03:22 INFO  org.testng.internal.Utils - [Utils] MethodGroupsHelper.collectMethodsByGroup() took 0 ms.
2026-06-04 21:03:22 INFO  org.testng.internal.Utils - [Utils] MethodGroupsHelper.sortMethods() took 0 ms.
2026-06-04 21:03:22 INFO  org.testng.internal.Utils - [Utils] MethodGroupsHelper.collectMethodsByGroup() took 0 ms.
2026-06-04 21:03:22 INFO  org.testng.internal.Utils - [Utils] MethodGroupsHelper.sortMethods() took 0 ms.
2026-06-04 21:03:22 INFO  org.testng.internal.Utils - [Utils] MethodGroupsHelper.collectMethodsByGroup() took 0 ms.
2026-06-04 21:03:22 INFO  org.testng.internal.Utils - [Utils] MethodGroupsHelper.sortMethods() took 0 ms.
2026-06-04 21:03:22 INFO  org.testng.internal.Utils - [Utils] MethodGroupsHelper.collectMethodsByGroup() took 0 ms.
2026-06-04 21:03:22 INFO  org.testng.internal.Utils - [Utils] MethodGroupsHelper.sortMethods() took 0 ms.
2026-06-04 21:03:22 INFO  org.testng.internal.Utils - [Utils] MethodGroupsHelper.collectMethodsByGroup() took 0 ms.
2026-06-04 21:03:22 INFO  org.testng.internal.Utils - [Utils] MethodGroupsHelper.sortMethods() took 0 ms.
2026-06-04 21:03:22 INFO  org.testng.internal.Utils - [Utils] MethodGroupsHelper.collectMethodsByGroup() took 0 ms.
2026-06-04 21:03:22 INFO  org.testng.internal.Utils - [Utils] MethodGroupsHelper.sortMethods() took 0 ms.
2026-06-04 21:03:22 INFO  org.testng.internal.Utils - [Utils] MethodGroupsHelper.collectMethodsByGroup() took 0 ms.
2026-06-04 21:03:22 INFO  org.testng.internal.Utils - [Utils] MethodGroupsHelper.sortMethods() took 0 ms.
2026-06-04 21:03:22 INFO  org.testng.internal.Utils - [Utils] MethodGroupsHelper.collectMethodsByGroup() took 0 ms.
2026-06-04 21:03:22 INFO  org.testng.internal.Utils - [Utils] MethodGroupsHelper.sortMethods() took 0 ms.
2026-06-04 21:03:22 INFO  org.testng.internal.Utils - [Utils] MethodGroupsHelper.collectMethodsByGroup() took 2 ms.
2026-06-04 21:03:22 INFO  org.testng.internal.Utils - [Utils] MethodGroupsHelper.sortMethods() took 3 ms.
2026-06-04 21:03:22 INFO  org.testng.internal.Utils - [Utils] MethodGroupsHelper.collectMethodsByGroup() took 0 ms.
2026-06-04 21:03:22 INFO  org.testng.internal.Utils - [Utils] MethodGroupsHelper.sortMethods() took 0 ms.
2026-06-04 21:03:22 INFO  org.testng.internal.Utils - [Utils] MethodGroupsHelper.collectMethodsByGroup() took 0 ms.
2026-06-04 21:03:22 INFO  org.testng.internal.Utils - [Utils] MethodGroupsHelper.sortMethods() took 0 ms.
2026-06-04 21:03:22 INFO  org.testng.internal.Utils - [Utils] DynamicGraphHelper.createDynamicGraph() took 3 ms.
2026-06-04 21:03:22 INFO  org.testng.internal.Utils - [TestTaskExecutor] Starting executor test 2147483647 with time out: 2147483647 milliseconds.
2026-06-04 21:03:26 INFO  org.testng.internal.Utils - [TestNG] Time taken by org.testng.reporters.jq.Main@78fb9a67: 32 ms
2026-06-04 21:03:26 INFO  org.testng.internal.Utils - [TestNG] Time taken by org.testng.reporters.FailedReporter@21aa6d6c: 0 ms
2026-06-04 21:03:26 INFO  org.testng.internal.Utils - [TestNG] Time taken by org.testng.reporters.XMLReporter@15c25153: 7 ms
2026-06-04 21:03:26 INFO  org.testng.internal.Utils - [TestNG] Time taken by org.testng.reporters.EmailableReporter2@47dbb1e2: 5 ms
2026-06-04 21:03:26 INFO  org.testng.internal.Utils - [TestNG] Time taken by org.testng.reporters.JUnitReportReporter@773f7880: 4 ms
2026-06-04 21:03:26 INFO  org.testng.internal.Utils - [TestNG] Time taken by org.testng.internal.ExitCodeListener@878452d: 0 ms
2026-06-04 21:03:56 INFO  org.testng.internal.Utils - [Warning] The regular expression "com.zproject.jira.CreateBugClass" didn't match any method in class com.zproject.DynamicJson
2026-06-04 21:03:56 INFO  org.testng.internal.Utils - [Utils] MethodGroupsHelper.collectMethodsByGroup() took 0 ms.
2026-06-04 21:03:56 INFO  org.testng.internal.Utils - [Utils] MethodGroupsHelper.sortMethods() took 1 ms.
2026-06-04 21:03:56 INFO  org.testng.internal.Utils - [Utils] MethodGroupsHelper.collectMethodsByGroup() took 0 ms.
2026-06-04 21:03:56 INFO  org.testng.internal.Utils - [Utils] MethodGroupsHelper.sortMethods() took 0 ms.
2026-06-04 21:03:56 INFO  org.testng.internal.Utils - [Utils] MethodGroupsHelper.collectMethodsByGroup() took 0 ms.
2026-06-04 21:03:56 INFO  org.testng.internal.Utils - [Utils] MethodGroupsHelper.sortMethods() took 0 ms.
2026-06-04 21:03:56 INFO  org.testng.internal.Utils - [Utils] MethodGroupsHelper.collectMethodsByGroup() took 0 ms.
2026-06-04 21:03:56 INFO  org.testng.internal.Utils - [Utils] MethodGroupsHelper.sortMethods() took 0 ms.
2026-06-04 21:03:56 INFO  org.testng.internal.Utils - [Utils] MethodGroupsHelper.collectMethodsByGroup() took 0 ms.
2026-06-04 21:03:56 INFO  org.testng.internal.Utils - [Utils] MethodGroupsHelper.sortMethods() took 0 ms.
2026-06-04 21:03:56 INFO  org.testng.internal.Utils - [Utils] MethodGroupsHelper.collectMethodsByGroup() took 0 ms.
2026-06-04 21:03:56 INFO  org.testng.internal.Utils - [Utils] MethodGroupsHelper.sortMethods() took 0 ms.
2026-06-04 21:03:56 INFO  org.testng.internal.Utils - [Utils] MethodGroupsHelper.collectMethodsByGroup() took 0 ms.
2026-06-04 21:03:56 INFO  org.testng.internal.Utils - [Utils] MethodGroupsHelper.sortMethods() took 0 ms.
2026-06-04 21:03:56 INFO  org.testng.internal.Utils - [Utils] MethodGroupsHelper.collectMethodsByGroup() took 0 ms.
2026-06-04 21:03:56 INFO  org.testng.internal.Utils - [Utils] MethodGroupsHelper.sortMethods() took 0 ms.
2026-06-04 21:03:56 INFO  org.testng.internal.Utils - [Utils] MethodGroupsHelper.collectMethodsByGroup() took 0 ms.
2026-06-04 21:03:56 INFO  org.testng.internal.Utils - [Utils] MethodGroupsHelper.sortMethods() took 0 ms.
2026-06-04 21:03:56 INFO  org.testng.internal.Utils - [Utils] MethodGroupsHelper.collectMethodsByGroup() took 0 ms.
2026-06-04 21:03:56 INFO  org.testng.internal.Utils - [Utils] MethodGroupsHelper.sortMethods() took 0 ms.
2026-06-04 21:03:56 INFO  org.testng.internal.Utils - [Utils] MethodGroupsHelper.collectMethodsByGroup() took 0 ms.
2026-06-04 21:03:56 INFO  org.testng.internal.Utils - [Utils] MethodGroupsHelper.sortMethods() took 0 ms.
2026-06-04 21:03:56 INFO  org.testng.internal.Utils - [Utils] MethodGroupsHelper.collectMethodsByGroup() took 0 ms.
2026-06-04 21:03:56 INFO  org.testng.internal.Utils - [Utils] MethodGroupsHelper.sortMethods() took 0 ms.
2026-06-04 21:03:56 INFO  org.testng.internal.Utils - [Utils] MethodGroupsHelper.collectMethodsByGroup() took 3 ms.
2026-06-04 21:03:56 INFO  org.testng.internal.Utils - [Utils] MethodGroupsHelper.sortMethods() took 0 ms.
2026-06-04 21:03:56 INFO  org.testng.internal.Utils - [Utils] MethodGroupsHelper.collectMethodsByGroup() took 0 ms.
2026-06-04 21:03:56 INFO  org.testng.internal.Utils - [Utils] MethodGroupsHelper.sortMethods() took 0 ms.
2026-06-04 21:03:56 INFO  org.testng.internal.Utils - [Utils] MethodGroupsHelper.collectMethodsByGroup() took 0 ms.
2026-06-04 21:03:56 INFO  org.testng.internal.Utils - [Utils] MethodGroupsHelper.sortMethods() took 0 ms.
2026-06-04 21:03:56 INFO  org.testng.internal.Utils - [Utils] DynamicGraphHelper.createDynamicGraph() took 2 ms.
2026-06-04 21:03:56 INFO  org.testng.internal.Utils - [TestNG] Time taken by org.testng.reporters.jq.Main@fd0e5b6: 32 ms
2026-06-04 21:03:56 INFO  org.testng.internal.Utils - [TestNG] Time taken by org.testng.reporters.FailedReporter@4fad94a7: 1 ms
2026-06-04 21:03:56 INFO  org.testng.internal.Utils - [TestNG] Time taken by org.testng.reporters.XMLReporter@2f058b8a: 4 ms
2026-06-04 21:03:56 INFO  org.testng.internal.Utils - [TestNG] Time taken by org.testng.reporters.EmailableReporter2@5d465e4b: 4 ms
2026-06-04 21:03:56 INFO  org.testng.internal.Utils - [TestNG] Time taken by org.testng.reporters.JUnitReportReporter@53e211ee: 0 ms
2026-06-04 21:03:56 INFO  org.testng.internal.Utils - [TestNG] Time taken by org.testng.internal.ExitCodeListener@41a90fa8: 0 ms
2026-06-04 21:04:53 INFO  org.testng.internal.Utils - [Utils] MethodGroupsHelper.collectMethodsByGroup() took 1 ms.
2026-06-04 21:04:53 INFO  org.testng.internal.Utils - [Utils] MethodGroupsHelper.sortMethods() took 1 ms.
2026-06-04 21:04:53 INFO  org.testng.internal.Utils - [Utils] MethodGroupsHelper.collectMethodsByGroup() took 0 ms.
2026-06-04 21:04:53 INFO  org.testng.internal.Utils - [Utils] MethodGroupsHelper.sortMethods() took 0 ms.
2026-06-04 21:04:53 INFO  org.testng.internal.Utils - [Utils] MethodGroupsHelper.collectMethodsByGroup() took 0 ms.
2026-06-04 21:04:53 INFO  org.testng.internal.Utils - [Utils] MethodGroupsHelper.sortMethods() took 0 ms.
2026-06-04 21:04:53 INFO  org.testng.internal.Utils - [Utils] MethodGroupsHelper.collectMethodsByGroup() took 0 ms.
2026-06-04 21:04:53 INFO  org.testng.internal.Utils - [Utils] MethodGroupsHelper.sortMethods() took 0 ms.
2026-06-04 21:04:53 INFO  org.testng.internal.Utils - [Utils] MethodGroupsHelper.collectMethodsByGroup() took 0 ms.
2026-06-04 21:04:53 INFO  org.testng.internal.Utils - [Utils] MethodGroupsHelper.sortMethods() took 0 ms.
2026-06-04 21:04:53 INFO  org.testng.internal.Utils - [Utils] MethodGroupsHelper.collectMethodsByGroup() took 0 ms.
2026-06-04 21:04:53 INFO  org.testng.internal.Utils - [Utils] MethodGroupsHelper.sortMethods() took 0 ms.
2026-06-04 21:04:53 INFO  org.testng.internal.Utils - [Utils] MethodGroupsHelper.collectMethodsByGroup() took 0 ms.
2026-06-04 21:04:53 INFO  org.testng.internal.Utils - [Utils] MethodGroupsHelper.sortMethods() took 0 ms.
2026-06-04 21:04:53 INFO  org.testng.internal.Utils - [Utils] MethodGroupsHelper.collectMethodsByGroup() took 0 ms.
2026-06-04 21:04:53 INFO  org.testng.internal.Utils - [Utils] MethodGroupsHelper.sortMethods() took 0 ms.
2026-06-04 21:04:53 INFO  org.testng.internal.Utils - [Utils] MethodGroupsHelper.collectMethodsByGroup() took 0 ms.
2026-06-04 21:04:53 INFO  org.testng.internal.Utils - [Utils] MethodGroupsHelper.sortMethods() took 0 ms.
2026-06-04 21:04:53 INFO  org.testng.internal.Utils - [Utils] MethodGroupsHelper.collectMethodsByGroup() took 0 ms.
2026-06-04 21:04:53 INFO  org.testng.internal.Utils - [Utils] MethodGroupsHelper.sortMethods() took 0 ms.
2026-06-04 21:04:53 INFO  org.testng.internal.Utils - [Utils] MethodGroupsHelper.collectMethodsByGroup() took 0 ms.
2026-06-04 21:04:53 INFO  org.testng.internal.Utils - [Utils] MethodGroupsHelper.sortMethods() took 0 ms.
2026-06-04 21:04:53 INFO  org.testng.internal.Utils - [Utils] MethodGroupsHelper.collectMethodsByGroup() took 0 ms.
2026-06-04 21:04:53 INFO  org.testng.internal.Utils - [Utils] MethodGroupsHelper.sortMethods() took 0 ms.
2026-06-04 21:04:53 INFO  org.testng.internal.Utils - [Utils] MethodGroupsHelper.collectMethodsByGroup() took 2 ms.
2026-06-04 21:04:53 INFO  org.testng.internal.Utils - [Utils] MethodGroupsHelper.sortMethods() took 5 ms.
2026-06-04 21:04:53 INFO  org.testng.internal.Utils - [Utils] MethodGroupsHelper.collectMethodsByGroup() took 0 ms.
2026-06-04 21:04:53 INFO  org.testng.internal.Utils - [Utils] MethodGroupsHelper.sortMethods() took 0 ms.
2026-06-04 21:04:53 INFO  org.testng.internal.Utils - [Utils] MethodGroupsHelper.collectMethodsByGroup() took 0 ms.
2026-06-04 21:04:53 INFO  org.testng.internal.Utils - [Utils] MethodGroupsHelper.sortMethods() took 0 ms.
2026-06-04 21:04:53 INFO  org.testng.internal.Utils - [Utils] DynamicGraphHelper.createDynamicGraph() took 3 ms.
2026-06-04 21:04:57 INFO  org.testng.internal.Utils - [TestNG] Time taken by org.testng.reporters.jq.Main@5d829ef0: 35 ms
2026-06-04 21:04:57 INFO  org.testng.internal.Utils - [TestNG] Time taken by org.testng.reporters.FailedReporter@5dfc2a4: 0 ms
2026-06-04 21:04:57 INFO  org.testng.internal.Utils - [TestNG] Time taken by org.testng.reporters.XMLReporter@239b98cb: 3 ms
2026-06-04 21:04:57 INFO  org.testng.internal.Utils - [TestNG] Time taken by org.testng.reporters.EmailableReporter2@10bf1ec9: 3 ms
2026-06-04 21:04:57 INFO  org.testng.internal.Utils - [TestNG] Time taken by org.testng.reporters.JUnitReportReporter@7606bd03: 2 ms
2026-06-04 21:04:57 INFO  org.testng.internal.Utils - [TestNG] Time taken by org.testng.internal.ExitCodeListener@afee63: 0 ms
2026-06-04 21:37:49 INFO  org.testng.internal.Utils - [TestNG] Running:
  C:\Users\car\AppData\Local\JetBrains\IdeaIC2025.1\temp-testng-customsuite.xml

2026-06-04 21:39:26 INFO  org.testng.internal.Utils - [TestNG] Running:
  C:\Users\car\AppData\Local\JetBrains\IdeaIC2025.1\temp-testng-customsuite.xml

2026-06-04 21:39:59 INFO  org.testng.internal.Utils - [TestNG] Running:
  C:\Users\car\AppData\Local\JetBrains\IdeaIC2025.1\temp-testng-customsuite.xml

2026-06-04 21:42:05 INFO  org.testng.internal.Utils - [TestNG] Running:
  C:\Users\car\AppData\Local\JetBrains\IdeaIC2025.1\temp-testng-customsuite.xml

2026-06-04 21:46:53 INFO  org.testng.internal.Utils - [TestNG] Running:
  C:\Users\car\AppData\Local\JetBrains\IdeaIC2025.1\temp-testng-customsuite.xml

2026-06-04 21:48:11 INFO  org.testng.internal.Utils - [TestNG] Running:
  C:\Users\car\AppData\Local\JetBrains\IdeaIC2025.1\temp-testng-customsuite.xml

2026-06-04 21:48:43 INFO  org.testng.internal.Utils - [TestNG] Running:
  C:\Users\car\AppData\Local\JetBrains\IdeaIC2025.1\temp-testng-customsuite.xml

2026-06-04 21:50:43 INFO  org.testng.internal.Utils - [TestNG] Running:
  C:\Users\car\AppData\Local\JetBrains\IdeaIC2025.1\temp-testng-customsuite.xml

2026-06-04 21:51:08 INFO  org.testng.internal.Utils - [TestNG] Running:
  C:\Users\car\AppData\Local\JetBrains\IdeaIC2025.1\temp-testng-customsuite.xml

2026-06-04 21:53:15 INFO  org.testng.internal.Utils - [TestNG] Running:
  C:\Users\car\AppData\Local\JetBrains\IdeaIC2025.1\temp-testng-customsuite.xml

2026-06-04 21:53:49 INFO  org.testng.internal.Utils - [TestNG] Running:
  C:\Users\car\AppData\Local\JetBrains\IdeaIC2025.1\temp-testng-customsuite.xml

2026-06-04 21:55:26 INFO  org.testng.internal.Utils - [TestNG] Running:
  C:\Users\car\AppData\Local\JetBrains\IdeaIC2025.1\temp-testng-customsuite.xml

2026-06-04 21:56:19 INFO  org.testng.internal.Utils - [TestNG] Running:
  C:\Users\car\AppData\Local\JetBrains\IdeaIC2025.1\temp-testng-customsuite.xml

2026-06-04 21:57:13 INFO  org.testng.internal.Utils - [TestNG] Running:
  C:\Users\car\AppData\Local\JetBrains\IdeaIC2025.1\temp-testng-customsuite.xml

2026-06-04 21:57:35 INFO  org.testng.internal.Utils - [TestNG] Running:
  C:\Users\car\AppData\Local\JetBrains\IdeaIC2025.1\temp-testng-customsuite.xml

2026-06-04 21:58:48 INFO  org.testng.internal.Utils - [TestNG] Running:
  C:\Users\car\AppData\Local\JetBrains\IdeaIC2025.1\temp-testng-customsuite.xml

2026-06-04 22:05:37 INFO  org.testng.internal.Utils - [TestNG] Running:
  C:\Users\car\AppData\Local\JetBrains\IdeaIC2025.1\temp-testng-customsuite.xml

2026-06-04 22:06:31 INFO  org.testng.internal.Utils - [TestNG] Running:
  C:\Users\car\AppData\Local\JetBrains\IdeaIC2025.1\temp-testng-customsuite.xml

2026-06-04 22:07:41 INFO  org.testng.internal.Utils - [TestNG] Running:
  C:\Users\car\AppData\Local\JetBrains\IdeaIC2025.1\temp-testng-customsuite.xml

2026-06-05 00:06:21 INFO  org.testng.internal.Utils - [TestNG] Running:
  C:\Users\car\AppData\Local\JetBrains\IdeaIC2025.1\temp-testng-customsuite.xml

2026-06-05 00:09:40 INFO  org.testng.internal.Utils - [TestNG] Running:
  C:\Users\car\AppData\Local\JetBrains\IdeaIC2025.1\temp-testng-customsuite.xml

2026-06-05 00:12:48 INFO  org.testng.internal.Utils - [TestNG] Running:
  C:\Users\car\AppData\Local\JetBrains\IdeaIC2025.1\temp-testng-customsuite.xml

2026-06-05 00:13:05 INFO  org.testng.internal.Utils - [TestNG] Running:
  C:\Users\car\AppData\Local\JetBrains\IdeaIC2025.1\temp-testng-customsuite.xml

2026-06-05 20:56:51 INFO  org.testng.internal.Utils - [TestNG] Running:
  C:\Users\car\AppData\Local\JetBrains\IdeaIC2025.1\temp-testng-customsuite.xml

2026-06-06 19:41:57 INFO  org.testng.internal.Utils - [TestNG] Running:
  C:\Users\car\AppData\Local\JetBrains\IdeaIC2025.1\temp-testng-customsuite.xml

2026-06-06 19:42:50 INFO  org.testng.internal.Utils - [TestNG] Running:
  C:\Users\car\AppData\Local\JetBrains\IdeaIC2025.1\temp-testng-customsuite.xml

2026-06-06 19:56:02 INFO  org.testng.internal.Utils - [TestNG] Running:
  C:\Users\car\AppData\Local\JetBrains\IdeaIC2025.1\temp-testng-customsuite.xml

2026-06-06 20:05:43 INFO  org.testng.internal.Utils - [TestNG] Running:
  C:\Users\car\AppData\Local\JetBrains\IdeaIC2025.1\temp-testng-customsuite.xml

2026-06-06 20:07:06 INFO  org.testng.internal.Utils - [TestNG] Running:
  C:\Users\car\AppData\Local\JetBrains\IdeaIC2025.1\temp-testng-customsuite.xml

2026-06-06 20:11:05 INFO  org.testng.internal.Utils - [TestNG] Running:
  C:\Users\car\AppData\Local\JetBrains\IdeaIC2025.1\temp-testng-customsuite.xml

2026-06-06 20:11:26 INFO  org.testng.internal.Utils - [TestNG] Running:
  C:\Users\car\AppData\Local\JetBrains\IdeaIC2025.1\temp-testng-customsuite.xml

2026-06-06 20:13:11 INFO  org.testng.internal.Utils - [TestNG] Running:
  C:\Users\car\AppData\Local\JetBrains\IdeaIC2025.1\temp-testng-customsuite.xml

2026-06-06 21:36:10 INFO  org.testng.internal.Utils - [TestNG] Running:
  C:\Users\car\AppData\Local\JetBrains\IdeaIC2025.1\temp-testng-customsuite.xml

2026-06-06 22:05:16 INFO  org.testng.internal.Utils - [TestNG] Running:
  C:\Users\car\AppData\Local\JetBrains\IdeaIC2025.1\temp-testng-customsuite.xml

2026-06-06 22:05:38 INFO  org.testng.internal.Utils - [TestNG] Running:
  C:\Users\car\AppData\Local\JetBrains\IdeaIC2025.1\temp-testng-customsuite.xml

2026-06-06 22:06:03 INFO  org.testng.internal.Utils - [TestNG] Running:
  C:\Users\car\AppData\Local\JetBrains\IdeaIC2025.1\temp-testng-customsuite.xml

2026-06-06 22:35:49 INFO  org.testng.internal.Utils - [TestNG] Running:
  C:\Users\car\AppData\Local\JetBrains\IdeaIC2025.1\temp-testng-customsuite.xml

2026-06-06 22:39:02 INFO  org.testng.internal.Utils - [TestNG] Running:
  C:\Users\car\AppData\Local\JetBrains\IdeaIC2025.1\temp-testng-customsuite.xml

2026-06-06 22:49:38 INFO  org.testng.internal.Utils - [TestNG] Running:
  C:\Users\car\AppData\Local\JetBrains\IdeaIC2025.1\temp-testng-customsuite.xml

2026-06-06 22:53:10 INFO  org.testng.internal.Utils - [TestNG] Running:
  C:\Users\car\AppData\Local\JetBrains\IdeaIC2025.1\temp-testng-customsuite.xml

2026-06-07 02:04:51 INFO  org.testng.internal.Utils - [TestNG] Running:
  C:\Users\car\AppData\Local\JetBrains\IdeaIC2025.1\temp-testng-customsuite.xml

2026-06-07 02:04:53 INFO  org.testng.internal.Utils - [TestNG] Running:
  C:\Users\car\AppData\Local\JetBrains\IdeaIC2025.1\temp-testng-customsuite.xml

2026-06-07 02:05:59 INFO  org.testng.internal.Utils - [TestNG] Running:
  C:\Users\car\AppData\Local\JetBrains\IdeaIC2025.1\temp-testng-customsuite.xml

2026-06-07 02:08:49 INFO  org.testng.internal.Utils - [TestNG] Running:
  C:\Users\car\AppData\Local\JetBrains\IdeaIC2025.1\temp-testng-customsuite.xml

2026-06-08 17:53:04 INFO  org.testng.internal.Utils - [Utils] MethodGroupsHelper.collectMethodsByGroup() took 1 ms.
2026-06-08 17:53:04 INFO  org.testng.internal.Utils - [Utils] MethodGroupsHelper.sortMethods() took 1 ms.
2026-06-08 17:53:04 INFO  org.testng.internal.Utils - [Utils] MethodGroupsHelper.collectMethodsByGroup() took 0 ms.
2026-06-08 17:53:04 INFO  org.testng.internal.Utils - [Utils] MethodGroupsHelper.sortMethods() took 0 ms.
2026-06-08 17:53:04 INFO  org.testng.internal.Utils - [Utils] MethodGroupsHelper.collectMethodsByGroup() took 0 ms.
2026-06-08 17:53:04 INFO  org.testng.internal.Utils - [Utils] MethodGroupsHelper.sortMethods() took 0 ms.
2026-06-08 17:53:04 INFO  org.testng.internal.Utils - [Utils] MethodGroupsHelper.collectMethodsByGroup() took 0 ms.
2026-06-08 17:53:04 INFO  org.testng.internal.Utils - [Utils] MethodGroupsHelper.sortMethods() took 0 ms.
2026-06-08 17:53:04 INFO  org.testng.internal.Utils - [Utils] MethodGroupsHelper.collectMethodsByGroup() took 0 ms.
2026-06-08 17:53:04 INFO  org.testng.internal.Utils - [Utils] MethodGroupsHelper.sortMethods() took 0 ms.
2026-06-08 17:53:04 INFO  org.testng.internal.Utils - [Utils] MethodGroupsHelper.collectMethodsByGroup() took 0 ms.
2026-06-08 17:53:04 INFO  org.testng.internal.Utils - [Utils] MethodGroupsHelper.sortMethods() took 0 ms.
2026-06-08 17:53:04 INFO  org.testng.internal.Utils - [Utils] MethodGroupsHelper.collectMethodsByGroup() took 0 ms.
2026-06-08 17:53:04 INFO  org.testng.internal.Utils - [Utils] MethodGroupsHelper.sortMethods() took 0 ms.
2026-06-08 17:53:04 INFO  org.testng.internal.Utils - [Utils] MethodGroupsHelper.collectMethodsByGroup() took 0 ms.
2026-06-08 17:53:04 INFO  org.testng.internal.Utils - [Utils] MethodGroupsHelper.sortMethods() took 0 ms.
2026-06-08 17:53:04 INFO  org.testng.internal.Utils - [Utils] MethodGroupsHelper.collectMethodsByGroup() took 0 ms.
2026-06-08 17:53:04 INFO  org.testng.internal.Utils - [Utils] MethodGroupsHelper.sortMethods() took 0 ms.
2026-06-08 17:53:04 INFO  org.testng.internal.Utils - [Utils] MethodGroupsHelper.collectMethodsByGroup() took 0 ms.
2026-06-08 17:53:04 INFO  org.testng.internal.Utils - [Utils] MethodGroupsHelper.sortMethods() took 0 ms.
2026-06-08 17:53:04 INFO  org.testng.internal.Utils - [Utils] MethodGroupsHelper.collectMethodsByGroup() took 0 ms.
2026-06-08 17:53:04 INFO  org.testng.internal.Utils - [Utils] MethodGroupsHelper.sortMethods() took 0 ms.
2026-06-08 17:53:04 INFO  org.testng.internal.Utils - [Utils] MethodGroupsHelper.collectMethodsByGroup() took 0 ms.
2026-06-08 17:53:04 INFO  org.testng.internal.Utils - [Utils] MethodGroupsHelper.sortMethods() took 0 ms.
2026-06-08 17:53:04 INFO  org.testng.internal.Utils - [Utils] MethodGroupsHelper.collectMethodsByGroup() took 1 ms.
2026-06-08 17:53:04 INFO  org.testng.internal.Utils - [Utils] MethodGroupsHelper.sortMethods() took 5 ms.
2026-06-08 17:53:04 INFO  org.testng.internal.Utils - [Utils] MethodGroupsHelper.collectMethodsByGroup() took 0 ms.
2026-06-08 17:53:04 INFO  org.testng.internal.Utils - [Utils] MethodGroupsHelper.sortMethods() took 0 ms.
2026-06-08 17:53:04 INFO  org.testng.internal.Utils - [Utils] MethodGroupsHelper.collectMethodsByGroup() took 0 ms.
2026-06-08 17:53:04 INFO  org.testng.internal.Utils - [Utils] MethodGroupsHelper.sortMethods() took 0 ms.
2026-06-08 17:53:04 INFO  org.testng.internal.Utils - [Utils] DynamicGraphHelper.createDynamicGraph() took 4 ms.
2026-06-08 17:53:05 INFO  com.zproject.jira.CreateBugClass - creating issue / post request
2026-06-08 17:53:06 INFO  org.testng.internal.Utils - [TestNG] Time taken by org.testng.reporters.jq.Main@63f855b: 38 ms
2026-06-08 17:53:06 INFO  org.testng.internal.Utils - [TestNG] Time taken by org.testng.reporters.FailedReporter@3b42121d: 10 ms
2026-06-08 17:53:06 INFO  org.testng.internal.Utils - [TestNG] Time taken by org.testng.reporters.XMLReporter@535b1ae6: 5 ms
2026-06-08 17:53:06 INFO  org.testng.internal.Utils - [TestNG] Time taken by org.testng.reporters.EmailableReporter2@20999517: 4 ms
2026-06-08 17:53:06 INFO  org.testng.internal.Utils - [TestNG] Time taken by org.testng.reporters.JUnitReportReporter@40bb4f87: 5 ms
2026-06-08 17:53:06 INFO  org.testng.internal.Utils - [TestNG] Time taken by org.testng.internal.ExitCodeListener@51a651c1: 0 ms
2026-06-08 17:53:51 INFO  org.testng.internal.Utils - [TestNG] Running:
  C:\Users\car\AppData\Local\JetBrains\IdeaIC2025.1\temp-testng-customsuite.xml

2026-06-08 17:53:51 INFO  com.zproject.jira.CreateBugClass - creating issue / post request
2026-06-08 17:57:31 INFO  org.testng.internal.Utils - [TestNG] Running:
  C:\Users\car\AppData\Local\JetBrains\IdeaIC2025.1\temp-testng-customsuite.xml

2026-06-08 17:57:32 INFO  com.zproject.jira.CreateBugClass - creating issue / post request
2026-06-08 17:57:34 INFO  com.zproject.jira.CreateBugClass - post request / attach file multipart
2026-06-08 17:57:36 INFO  com.zproject.jira.CreateBugClass - get request / get issue
2026-06-08 17:57:37 INFO  com.zproject.jira.CreateBugClass - assert file has been attached 
2026-06-09 17:44:35 INFO  org.testng.internal.Utils - [TestNG] Running:
  C:\Users\car\AppData\Local\JetBrains\IdeaIC2025.1\temp-testng-customsuite.xml

2026-06-09 17:44:36 INFO  com.zproject.jira.CreateBugClass - creating issue / post request
2026-06-09 17:48:39 INFO  org.testng.internal.Utils - [TestNG] Running:
  C:\Users\car\AppData\Local\JetBrains\IdeaIC2025.1\temp-testng-customsuite.xml

2026-06-09 17:48:40 INFO  com.zproject.jira.CreateBugClass - creating issue / post request
2026-06-09 17:48:43 INFO  com.zproject.jira.CreateBugClass - post request / attach file multipart
2026-06-09 17:48:45 INFO  com.zproject.jira.CreateBugClass - get request / get issue
2026-06-09 17:48:45 INFO  com.zproject.jira.CreateBugClass - assert file has been attached 
